number of train queries:  32085
number of valid queries:  2326
number of test queries:  1954
  0%|          | 0/6029 [00:00<?, ?it/s]workflow.py:156: SettingWithCopyWarning: 
A value is trying to be set on a copy of a slice from a DataFrame.
Try using .loc[row_indexer,col_indexer] = value instead

See the caveats in the documentation: https://pandas.pydata.org/pandas-docs/stable/user_guide/indexing.html#returning-a-view-versus-a-copy
  train_sub1.loc[idx, 'entity'] = entity
workflow.py:159: SettingWithCopyWarning: 
A value is trying to be set on a copy of a slice from a DataFrame.
Try using .loc[row_indexer,col_indexer] = value instead

See the caveats in the documentation: https://pandas.pydata.org/pandas-docs/stable/user_guide/indexing.html#returning-a-view-versus-a-copy
  train_sub1.loc[idx, 'cosmo_utterance'] = cosmo_utterance
workflow.py:162: SettingWithCopyWarning: 
A value is trying to be set on a copy of a slice from a DataFrame.
Try using .loc[row_indexer,col_indexer] = value instead

See the caveats in the documentation: https://pandas.pydata.org/pandas-docs/stable/user_guide/indexing.html#returning-a-view-versus-a-copy
  train_sub1.loc[idx, 'query_gen'] = query
  0%|          | 1/6029 [00:08<14:33:20,  8.69s/it]  0%|          | 2/6029 [00:19<17:04:10, 10.20s/it]  0%|          | 3/6029 [00:26<14:21:10,  8.57s/it]  0%|          | 4/6029 [00:33<13:05:40,  7.82s/it]  0%|          | 5/6029 [00:39<12:03:57,  7.21s/it]  0%|          | 6/6029 [00:44<10:56:51,  6.54s/it]  0%|          | 7/6029 [00:53<12:00:09,  7.18s/it]  0%|          | 8/6029 [01:02<13:14:55,  7.92s/it]  0%|          | 9/6029 [01:11<13:59:01,  8.36s/it]  0%|          | 10/6029 [01:22<15:18:41,  9.16s/it]  0%|          | 11/6029 [01:27<12:44:18,  7.62s/it]  0%|          | 12/6029 [01:34<12:37:15,  7.55s/it]  0%|          | 13/6029 [01:41<12:11:02,  7.29s/it]  0%|          | 14/6029 [01:49<12:47:16,  7.65s/it]  0%|          | 15/6029 [01:57<13:02:43,  7.81s/it]  0%|          | 16/6029 [02:04<12:20:29,  7.39s/it]  0%|          | 17/6029 [02:11<12:04:22,  7.23s/it]  0%|          | 18/6029 [02:16<11:04:38,  6.63s/it]  0%|          | 19/6029 [02:30<14:59:15,  8.98s/it]  0%|          | 20/6029 [02:36<13:25:00,  8.04s/it]  0%|          | 21/6029 [02:48<15:18:29,  9.17s/it]  0%|          | 22/6029 [02:54<13:31:11,  8.10s/it]  0%|          | 23/6029 [03:00<12:43:09,  7.62s/it]  0%|          | 24/6029 [03:08<12:54:26,  7.74s/it]  0%|          | 25/6029 [03:18<14:04:23,  8.44s/it]  0%|          | 26/6029 [03:25<13:27:48,  8.07s/it]  0%|          | 27/6029 [03:31<12:09:19,  7.29s/it]  0%|          | 28/6029 [03:33<9:25:57,  5.66s/it]   0%|          | 29/6029 [03:38<9:21:24,  5.61s/it]  0%|          | 30/6029 [03:45<10:11:50,  6.12s/it]  1%|          | 31/6029 [03:47<7:54:38,  4.75s/it]   1%|          | 32/6029 [03:49<6:22:57,  3.83s/it]  1%|          | 33/6029 [03:54<7:16:41,  4.37s/it]  1%|          | 34/6029 [03:56<5:56:43,  3.57s/it]  1%|          | 35/6029 [04:04<8:19:58,  5.00s/it]  1%|          | 36/6029 [04:06<6:32:14,  3.93s/it]  1%|          | 37/6029 [04:15<9:00:48,  5.42s/it]  1%|          | 38/6029 [04:20<8:46:53,  5.28s/it]  1%|          | 39/6029 [04:22<7:12:01,  4.33s/it]  1%|          | 40/6029 [04:27<7:27:30,  4.48s/it]  1%|          | 41/6029 [04:34<8:51:28,  5.33s/it]  1%|          | 42/6029 [04:42<10:17:45,  6.19s/it]  1%|          | 43/6029 [04:47<9:46:48,  5.88s/it]   1%|          | 44/6029 [04:49<7:44:23,  4.66s/it]  1%|          | 45/6029 [04:57<9:38:25,  5.80s/it]  1%|          | 46/6029 [05:05<10:21:44,  6.24s/it]  1%|          | 47/6029 [05:12<10:49:25,  6.51s/it]  1%|          | 48/6029 [05:22<12:44:43,  7.67s/it]  1%|          | 49/6029 [05:33<14:11:57,  8.55s/it]  1%|          | 50/6029 [05:38<12:37:34,  7.60s/it]  1%|          | 51/6029 [05:48<13:27:29,  8.10s/it]  1%|          | 52/6029 [05:57<13:58:58,  8.42s/it]  1%|          | 53/6029 [06:05<13:52:46,  8.36s/it]  1%|          | 54/6029 [06:14<14:04:46,  8.48s/it]  1%|          | 55/6029 [06:23<14:40:17,  8.84s/it]  1%|          | 56/6029 [06:31<14:16:46,  8.61s/it]  1%|          | 57/6029 [06:45<16:37:06, 10.02s/it]  1%|          | 58/6029 [06:50<14:28:03,  8.72s/it]  1%|          | 59/6029 [06:57<13:35:46,  8.20s/it]  1%|          | 60/6029 [07:00<10:39:10,  6.42s/it]  1%|          | 61/6029 [07:03<9:04:24,  5.47s/it]   1%|          | 62/6029 [07:14<11:51:13,  7.15s/it]  1%|          | 63/6029 [07:24<13:08:52,  7.93s/it]  1%|          | 64/6029 [07:32<13:29:11,  8.14s/it]  1%|          | 65/6029 [07:39<12:43:06,  7.68s/it]  1%|          | 66/6029 [07:41<9:39:10,  5.83s/it]   1%|          | 67/6029 [07:46<9:38:44,  5.82s/it]  1%|          | 68/6029 [07:56<11:18:12,  6.83s/it]  1%|          | 69/6029 [08:02<10:57:51,  6.62s/it]  1%|          | 70/6029 [08:10<11:54:58,  7.20s/it]  1%|          | 71/6029 [08:14<10:11:33,  6.16s/it]  1%|          | 72/6029 [08:23<11:49:47,  7.15s/it]  1%|          | 73/6029 [08:33<13:06:19,  7.92s/it]  1%|          | 74/6029 [08:41<12:58:38,  7.85s/it]  1%|          | 75/6029 [08:46<11:49:49,  7.15s/it]  1%|▏         | 76/6029 [08:54<12:02:23,  7.28s/it]  1%|▏         | 77/6029 [09:01<12:07:05,  7.33s/it]  1%|▏         | 78/6029 [09:07<11:30:29,  6.96s/it]  1%|▏         | 79/6029 [09:13<10:59:59,  6.66s/it]  1%|▏         | 80/6029 [09:18<10:11:50,  6.17s/it]  1%|▏         | 81/6029 [09:25<10:22:12,  6.28s/it]  1%|▏         | 82/6029 [10:02<25:33:01, 15.47s/it]  1%|▏         | 83/6029 [10:08<21:08:12, 12.80s/it]  1%|▏         | 84/6029 [10:16<18:44:52, 11.35s/it]  1%|▏         | 85/6029 [10:25<17:18:31, 10.48s/it]  1%|▏         | 86/6029 [10:34<16:33:16, 10.03s/it]  1%|▏         | 87/6029 [10:41<15:14:06,  9.23s/it]  1%|▏         | 88/6029 [10:48<13:53:26,  8.42s/it]  1%|▏         | 89/6029 [10:54<12:47:04,  7.75s/it]  1%|▏         | 90/6029 [11:06<14:50:41,  9.00s/it]  2%|▏         | 91/6029 [11:13<13:53:19,  8.42s/it]  2%|▏         | 92/6029 [11:23<14:32:20,  8.82s/it]  2%|▏         | 93/6029 [11:32<14:48:45,  8.98s/it]  2%|▏         | 95/6029 [11:42<11:55:57,  7.24s/it]  2%|▏         | 96/6029 [11:52<13:04:31,  7.93s/it]  2%|▏         | 97/6029 [12:06<15:36:37,  9.47s/it]  2%|▏         | 98/6029 [12:19<16:56:26, 10.28s/it]  2%|▏         | 99/6029 [12:29<17:06:58, 10.39s/it]  2%|▏         | 100/6029 [12:37<15:35:53,  9.47s/it]  2%|▏         | 101/6029 [12:49<17:01:20, 10.34s/it]  2%|▏         | 102/6029 [12:58<16:16:48,  9.89s/it]  2%|▏         | 103/6029 [13:09<17:00:28, 10.33s/it]  2%|▏         | 104/6029 [13:21<17:36:42, 10.70s/it]  2%|▏         | 105/6029 [13:31<17:21:59, 10.55s/it]  2%|▏         | 106/6029 [13:35<14:14:33,  8.66s/it]  2%|▏         | 107/6029 [13:44<14:07:27,  8.59s/it]  2%|▏         | 108/6029 [13:57<16:21:17,  9.94s/it]  2%|▏         | 109/6029 [13:58<12:14:28,  7.44s/it]  2%|▏         | 110/6029 [14:08<13:17:33,  8.08s/it]  2%|▏         | 111/6029 [14:17<13:56:42,  8.48s/it]  2%|▏         | 112/6029 [14:26<13:54:32,  8.46s/it]  2%|▏         | 113/6029 [14:33<13:11:24,  8.03s/it]  2%|▏         | 114/6029 [14:42<13:36:28,  8.28s/it]  2%|▏         | 115/6029 [14:48<12:28:43,  7.60s/it]  2%|▏         | 116/6029 [14:56<12:41:30,  7.73s/it]  2%|▏         | 117/6029 [15:08<14:52:47,  9.06s/it]  2%|▏         | 118/6029 [15:14<13:15:39,  8.08s/it]  2%|▏         | 119/6029 [15:18<11:35:00,  7.06s/it]  2%|▏         | 120/6029 [15:21<9:39:22,  5.88s/it]   2%|▏         | 121/6029 [15:31<11:14:23,  6.85s/it]  2%|▏         | 122/6029 [15:37<11:00:35,  6.71s/it]  2%|▏         | 123/6029 [15:45<11:52:33,  7.24s/it]  2%|▏         | 124/6029 [15:56<13:29:03,  8.22s/it]  2%|▏         | 125/6029 [16:02<12:28:47,  7.61s/it]  2%|▏         | 126/6029 [16:10<12:31:02,  7.63s/it]  2%|▏         | 127/6029 [16:19<13:31:00,  8.24s/it]  2%|▏         | 128/6029 [16:29<14:11:22,  8.66s/it]  2%|▏         | 129/6029 [16:38<14:07:46,  8.62s/it]  2%|▏         | 130/6029 [16:41<11:31:26,  7.03s/it]  2%|▏         | 131/6029 [16:46<10:47:08,  6.58s/it]  2%|▏         | 132/6029 [16:52<10:16:51,  6.28s/it]  2%|▏         | 133/6029 [17:00<11:05:32,  6.77s/it]  2%|▏         | 134/6029 [17:04<9:44:46,  5.95s/it]   2%|▏         | 135/6029 [17:35<22:08:11, 13.52s/it]  2%|▏         | 136/6029 [17:44<19:53:26, 12.15s/it]  2%|▏         | 137/6029 [17:46<15:00:30,  9.17s/it]  2%|▏         | 138/6029 [17:56<15:01:12,  9.18s/it]  2%|▏         | 139/6029 [17:59<12:06:43,  7.40s/it]  2%|▏         | 140/6029 [18:07<12:30:18,  7.64s/it]  2%|▏         | 141/6029 [18:14<12:02:47,  7.37s/it]  2%|▏         | 142/6029 [18:22<12:36:46,  7.71s/it]  2%|▏         | 143/6029 [18:33<14:01:32,  8.58s/it]  2%|▏         | 144/6029 [18:43<14:53:28,  9.11s/it]  2%|▏         | 145/6029 [18:51<14:00:31,  8.57s/it]  2%|▏         | 146/6029 [18:59<13:46:53,  8.43s/it]  2%|▏         | 147/6029 [19:04<12:28:15,  7.63s/it]  2%|▏         | 148/6029 [19:06<9:23:53,  5.75s/it]   2%|▏         | 149/6029 [19:13<10:05:24,  6.18s/it]  2%|▏         | 150/6029 [19:22<11:27:54,  7.02s/it]  3%|▎         | 151/6029 [19:31<12:35:51,  7.72s/it]  3%|▎         | 152/6029 [19:37<11:34:33,  7.09s/it]  3%|▎         | 153/6029 [19:46<12:46:58,  7.83s/it]  3%|▎         | 154/6029 [19:54<12:42:54,  7.79s/it]  3%|▎         | 155/6029 [19:59<11:17:27,  6.92s/it]  3%|▎         | 156/6029 [20:06<11:20:36,  6.95s/it]  3%|▎         | 157/6029 [20:16<12:37:36,  7.74s/it]  3%|▎         | 158/6029 [20:25<13:17:31,  8.15s/it]  3%|▎         | 159/6029 [20:35<14:10:36,  8.69s/it]  3%|▎         | 160/6029 [20:41<13:00:02,  7.97s/it]  3%|▎         | 161/6029 [20:51<13:54:15,  8.53s/it]  3%|▎         | 162/6029 [20:58<13:25:40,  8.24s/it]  3%|▎         | 163/6029 [21:05<12:28:49,  7.66s/it]  3%|▎         | 164/6029 [21:18<15:04:14,  9.25s/it]  3%|▎         | 165/6029 [21:30<16:22:32, 10.05s/it]  3%|▎         | 166/6029 [21:39<15:49:33,  9.72s/it]  3%|▎         | 167/6029 [21:50<16:39:15, 10.23s/it]  3%|▎         | 168/6029 [22:05<19:09:34, 11.77s/it]  3%|▎         | 169/6029 [22:18<19:24:37, 11.92s/it]  3%|▎         | 170/6029 [22:30<19:38:45, 12.07s/it]  3%|▎         | 171/6029 [22:39<18:14:18, 11.21s/it]  3%|▎         | 172/6029 [22:46<15:52:25,  9.76s/it]  3%|▎         | 173/6029 [22:52<14:18:38,  8.80s/it]  3%|▎         | 174/6029 [23:01<14:21:43,  8.83s/it]  3%|▎         | 175/6029 [23:11<15:08:32,  9.31s/it]  3%|▎         | 176/6029 [23:21<15:14:13,  9.37s/it]  3%|▎         | 177/6029 [23:27<13:27:58,  8.28s/it]  3%|▎         | 178/6029 [23:32<12:01:18,  7.40s/it]  3%|▎         | 179/6029 [23:45<14:41:50,  9.04s/it]  3%|▎         | 180/6029 [23:53<14:13:00,  8.75s/it]  3%|▎         | 181/6029 [24:00<13:29:15,  8.30s/it]  3%|▎         | 182/6029 [24:10<14:05:32,  8.68s/it]  3%|▎         | 183/6029 [24:16<12:44:25,  7.85s/it]  3%|▎         | 184/6029 [24:17<9:44:15,  6.00s/it]   3%|▎         | 185/6029 [24:28<11:55:21,  7.34s/it]  3%|▎         | 187/6029 [24:37<9:40:48,  5.97s/it]   3%|▎         | 188/6029 [24:44<10:16:57,  6.34s/it]  3%|▎         | 189/6029 [24:48<9:17:58,  5.73s/it]   3%|▎         | 190/6029 [24:52<8:30:38,  5.25s/it]  3%|▎         | 191/6029 [24:55<7:21:10,  4.53s/it]  3%|▎         | 192/6029 [25:08<11:29:44,  7.09s/it]  3%|▎         | 193/6029 [25:19<13:23:21,  8.26s/it]  3%|▎         | 194/6029 [25:27<13:13:31,  8.16s/it]  3%|▎         | 195/6029 [25:34<12:33:01,  7.74s/it]  3%|▎         | 196/6029 [25:43<13:21:40,  8.25s/it]  3%|▎         | 197/6029 [25:52<13:30:40,  8.34s/it]  3%|▎         | 198/6029 [26:01<13:36:35,  8.40s/it]  3%|▎         | 199/6029 [26:11<14:32:20,  8.98s/it]  3%|▎         | 200/6029 [26:18<13:25:05,  8.29s/it]  3%|▎         | 201/6029 [26:26<13:25:29,  8.29s/it]  3%|▎         | 202/6029 [26:34<13:17:25,  8.21s/it]  3%|▎         | 203/6029 [26:38<11:17:14,  6.97s/it]  3%|▎         | 204/6029 [26:47<12:29:11,  7.72s/it]  3%|▎         | 205/6029 [26:56<13:04:37,  8.08s/it]  3%|▎         | 206/6029 [27:02<11:59:58,  7.42s/it]  3%|▎         | 207/6029 [27:10<12:19:38,  7.62s/it]  3%|▎         | 208/6029 [27:19<12:57:49,  8.02s/it]  3%|▎         | 209/6029 [27:25<12:01:05,  7.43s/it]  3%|▎         | 210/6029 [27:35<12:55:42,  8.00s/it]  3%|▎         | 211/6029 [27:42<12:24:15,  7.68s/it]  4%|▎         | 212/6029 [27:48<11:44:03,  7.26s/it]  4%|▎         | 213/6029 [27:57<12:40:02,  7.84s/it]  4%|▎         | 214/6029 [28:05<12:49:28,  7.94s/it]  4%|▎         | 215/6029 [28:14<13:11:34,  8.17s/it]  4%|▎         | 216/6029 [28:25<14:47:39,  9.16s/it]  4%|▎         | 217/6029 [28:33<14:11:26,  8.79s/it]  4%|▎         | 218/6029 [28:42<13:56:33,  8.64s/it]  4%|▎         | 219/6029 [28:50<13:51:54,  8.59s/it]  4%|▎         | 220/6029 [29:00<14:19:04,  8.87s/it]  4%|▎         | 221/6029 [29:03<11:50:42,  7.34s/it]  4%|▎         | 222/6029 [29:11<12:03:50,  7.48s/it]  4%|▎         | 223/6029 [29:25<14:58:36,  9.29s/it]  4%|▎         | 224/6029 [29:29<12:27:19,  7.72s/it]  4%|▎         | 225/6029 [29:35<11:38:49,  7.22s/it]  4%|▎         | 226/6029 [29:46<13:24:06,  8.31s/it]  4%|▍         | 227/6029 [29:56<14:15:29,  8.85s/it]  4%|▍         | 228/6029 [30:05<14:15:08,  8.84s/it]  4%|▍         | 229/6029 [30:14<14:35:12,  9.05s/it]  4%|▍         | 230/6029 [30:21<13:37:01,  8.45s/it]  4%|▍         | 231/6029 [30:31<14:16:43,  8.87s/it]  4%|▍         | 232/6029 [30:39<13:36:40,  8.45s/it]  4%|▍         | 233/6029 [30:45<12:46:47,  7.94s/it]  4%|▍         | 234/6029 [30:53<12:44:27,  7.91s/it]  4%|▍         | 235/6029 [30:58<11:21:25,  7.06s/it]  4%|▍         | 236/6029 [31:07<12:13:42,  7.60s/it]  4%|▍         | 237/6029 [31:14<11:57:22,  7.43s/it]  4%|▍         | 238/6029 [31:22<12:17:55,  7.65s/it]  4%|▍         | 239/6029 [31:32<13:25:06,  8.34s/it]  4%|▍         | 240/6029 [31:38<12:07:33,  7.54s/it]  4%|▍         | 241/6029 [31:45<11:50:11,  7.36s/it]  4%|▍         | 242/6029 [31:54<12:43:40,  7.92s/it]  4%|▍         | 243/6029 [32:06<14:39:45,  9.12s/it]  4%|▍         | 244/6029 [32:16<14:53:15,  9.26s/it]  4%|▍         | 245/6029 [32:24<14:39:39,  9.13s/it]  4%|▍         | 246/6029 [32:30<13:07:30,  8.17s/it]  4%|▍         | 247/6029 [32:32<10:01:46,  6.24s/it]  4%|▍         | 248/6029 [32:37<9:34:03,  5.96s/it]   4%|▍         | 249/6029 [32:45<10:36:37,  6.61s/it]  4%|▍         | 250/6029 [33:00<14:22:58,  8.96s/it]  4%|▍         | 251/6029 [33:03<11:46:32,  7.34s/it]  4%|▍         | 252/6029 [33:13<12:55:53,  8.06s/it]  4%|▍         | 254/6029 [33:23<10:28:50,  6.53s/it]  4%|▍         | 255/6029 [33:28<10:08:51,  6.33s/it]  4%|▍         | 256/6029 [33:34<9:55:17,  6.19s/it]   4%|▍         | 257/6029 [33:45<11:54:56,  7.43s/it]  4%|▍         | 258/6029 [33:56<13:18:56,  8.31s/it]  4%|▍         | 259/6029 [34:06<14:13:59,  8.88s/it]  4%|▍         | 260/6029 [34:17<15:13:36,  9.50s/it]  4%|▍         | 261/6029 [34:22<13:21:52,  8.34s/it]  4%|▍         | 262/6029 [34:31<13:30:03,  8.43s/it]  4%|▍         | 263/6029 [34:40<13:35:16,  8.48s/it]  4%|▍         | 264/6029 [34:50<14:32:33,  9.08s/it]  4%|▍         | 265/6029 [34:58<13:54:50,  8.69s/it]  4%|▍         | 266/6029 [35:06<13:32:55,  8.46s/it]  4%|▍         | 267/6029 [35:15<13:56:28,  8.71s/it]  4%|▍         | 268/6029 [35:23<13:25:45,  8.39s/it]  4%|▍         | 269/6029 [35:29<12:25:18,  7.76s/it]  4%|▍         | 270/6029 [35:40<14:08:05,  8.84s/it]  4%|▍         | 271/6029 [35:50<14:32:49,  9.10s/it]  5%|▍         | 272/6029 [35:59<14:38:31,  9.16s/it]  5%|▍         | 273/6029 [36:09<14:43:04,  9.21s/it]  5%|▍         | 274/6029 [36:21<16:17:20, 10.19s/it]  5%|▍         | 275/6029 [36:28<14:47:36,  9.26s/it]  5%|▍         | 276/6029 [36:36<14:09:10,  8.86s/it]  5%|▍         | 278/6029 [36:43<10:07:39,  6.34s/it]  5%|▍         | 279/6029 [36:51<10:51:21,  6.80s/it]  5%|▍         | 280/6029 [37:03<13:01:22,  8.15s/it]  5%|▍         | 281/6029 [37:15<14:28:09,  9.06s/it]  5%|▍         | 282/6029 [37:24<14:46:14,  9.25s/it]  5%|▍         | 283/6029 [37:42<18:45:49, 11.76s/it]  5%|▍         | 284/6029 [37:50<16:53:23, 10.58s/it]  5%|▍         | 285/6029 [37:56<14:48:28,  9.28s/it]  5%|▍         | 286/6029 [38:10<16:54:09, 10.60s/it]  5%|▍         | 287/6029 [38:20<16:45:47, 10.51s/it]  5%|▍         | 288/6029 [38:26<14:29:42,  9.09s/it]  5%|▍         | 289/6029 [38:38<15:42:03,  9.85s/it]  5%|▍         | 290/6029 [38:49<16:15:20, 10.20s/it]  5%|▍         | 291/6029 [38:57<15:12:31,  9.54s/it]  5%|▍         | 292/6029 [38:59<11:34:57,  7.27s/it]  5%|▍         | 293/6029 [39:08<12:32:28,  7.87s/it]  5%|▍         | 294/6029 [39:18<13:31:47,  8.49s/it]  5%|▍         | 295/6029 [39:23<11:52:36,  7.46s/it]  5%|▍         | 296/6029 [39:32<12:26:14,  7.81s/it]  5%|▍         | 297/6029 [39:33<9:31:09,  5.98s/it]   5%|▍         | 298/6029 [39:41<10:15:55,  6.45s/it]  5%|▍         | 299/6029 [39:52<12:37:31,  7.93s/it]  5%|▍         | 300/6029 [40:01<13:00:16,  8.17s/it]  5%|▍         | 301/6029 [40:12<14:09:16,  8.90s/it]  5%|▌         | 303/6029 [40:20<10:51:57,  6.83s/it]  5%|▌         | 304/6029 [40:26<10:23:30,  6.53s/it]  5%|▌         | 305/6029 [40:36<11:50:47,  7.45s/it]  5%|▌         | 306/6029 [40:45<12:16:19,  7.72s/it]  5%|▌         | 307/6029 [40:50<11:17:10,  7.10s/it]  5%|▌         | 308/6029 [40:52<9:09:10,  5.76s/it]   5%|▌         | 309/6029 [40:55<7:30:17,  4.72s/it]  5%|▌         | 310/6029 [41:02<8:35:45,  5.41s/it]  5%|▌         | 311/6029 [41:08<9:01:01,  5.68s/it]  5%|▌         | 312/6029 [41:18<11:05:34,  6.99s/it]  5%|▌         | 313/6029 [41:27<11:48:39,  7.44s/it]  5%|▌         | 314/6029 [41:34<11:39:04,  7.34s/it]  5%|▌         | 315/6029 [41:45<13:21:11,  8.41s/it]  5%|▌         | 316/6029 [41:52<12:38:09,  7.96s/it]  5%|▌         | 317/6029 [41:58<12:05:54,  7.63s/it]  5%|▌         | 318/6029 [42:07<12:27:48,  7.86s/it]  5%|▌         | 319/6029 [42:11<10:45:58,  6.79s/it]  5%|▌         | 320/6029 [42:22<12:35:07,  7.94s/it]  5%|▌         | 321/6029 [42:28<12:00:56,  7.58s/it]  5%|▌         | 323/6029 [42:36<9:12:32,  5.81s/it]   5%|▌         | 324/6029 [42:45<10:29:02,  6.62s/it]  5%|▌         | 325/6029 [42:53<10:52:09,  6.86s/it]  5%|▌         | 326/6029 [43:01<11:40:48,  7.37s/it]  5%|▌         | 327/6029 [43:10<12:11:18,  7.70s/it]  5%|▌         | 328/6029 [43:17<12:03:38,  7.62s/it]  5%|▌         | 329/6029 [43:22<10:57:43,  6.92s/it]  5%|▌         | 330/6029 [43:31<11:33:34,  7.30s/it]  5%|▌         | 331/6029 [43:41<12:46:09,  8.07s/it]  6%|▌         | 332/6029 [43:55<15:32:18,  9.82s/it]  6%|▌         | 333/6029 [44:00<13:23:08,  8.46s/it]  6%|▌         | 334/6029 [44:11<14:33:29,  9.20s/it]  6%|▌         | 335/6029 [44:17<13:05:47,  8.28s/it]  6%|▌         | 336/6029 [44:25<12:49:46,  8.11s/it]  6%|▌         | 337/6029 [44:35<13:43:41,  8.68s/it]  6%|▌         | 338/6029 [44:42<13:19:49,  8.43s/it]  6%|▌         | 339/6029 [44:51<13:36:10,  8.61s/it]  6%|▌         | 340/6029 [45:00<13:40:57,  8.66s/it]  6%|▌         | 341/6029 [45:07<12:50:42,  8.13s/it]  6%|▌         | 342/6029 [45:18<14:00:45,  8.87s/it]  6%|▌         | 343/6029 [45:19<10:33:10,  6.68s/it]  6%|▌         | 344/6029 [45:26<10:47:08,  6.83s/it]  6%|▌         | 345/6029 [45:32<10:09:47,  6.44s/it]  6%|▌         | 346/6029 [45:40<11:05:39,  7.03s/it]  6%|▌         | 347/6029 [45:48<11:08:50,  7.06s/it]  6%|▌         | 348/6029 [45:54<10:50:40,  6.87s/it]  6%|▌         | 349/6029 [46:04<12:20:17,  7.82s/it]  6%|▌         | 350/6029 [46:13<12:59:33,  8.24s/it]  6%|▌         | 351/6029 [46:15<9:57:42,  6.32s/it]   6%|▌         | 352/6029 [46:20<9:20:31,  5.92s/it]  6%|▌         | 353/6029 [46:25<9:03:34,  5.75s/it]  6%|▌         | 354/6029 [46:33<10:08:12,  6.43s/it]  6%|▌         | 355/6029 [46:54<16:56:01, 10.74s/it]  6%|▌         | 356/6029 [47:03<16:07:42, 10.23s/it]  6%|▌         | 357/6029 [47:12<15:26:18,  9.80s/it]  6%|▌         | 358/6029 [47:17<13:15:44,  8.42s/it]  6%|▌         | 359/6029 [47:23<12:03:29,  7.66s/it]  6%|▌         | 360/6029 [47:32<12:47:38,  8.12s/it]  6%|▌         | 361/6029 [47:42<13:38:17,  8.66s/it]  6%|▌         | 362/6029 [47:46<11:15:00,  7.15s/it]  6%|▌         | 363/6029 [47:54<11:41:59,  7.43s/it]  6%|▌         | 364/6029 [48:03<12:13:59,  7.77s/it]  6%|▌         | 365/6029 [48:10<12:17:19,  7.81s/it]  6%|▌         | 366/6029 [48:18<12:14:05,  7.78s/it]  6%|▌         | 367/6029 [48:27<12:56:44,  8.23s/it]  6%|▌         | 368/6029 [48:32<11:02:52,  7.03s/it]  6%|▌         | 369/6029 [48:38<10:30:33,  6.68s/it]  6%|▌         | 370/6029 [48:42<9:20:11,  5.94s/it]   6%|▌         | 371/6029 [48:51<10:40:22,  6.79s/it]  6%|▌         | 372/6029 [48:57<10:28:58,  6.67s/it]  6%|▌         | 373/6029 [49:05<11:16:32,  7.18s/it]  6%|▌         | 374/6029 [49:09<9:31:23,  6.06s/it]   6%|▌         | 375/6029 [49:19<11:32:46,  7.35s/it]  6%|▌         | 376/6029 [49:21<8:48:19,  5.61s/it]   6%|▋         | 377/6029 [49:28<9:41:57,  6.18s/it]  6%|▋         | 378/6029 [49:36<10:42:11,  6.82s/it]  6%|▋         | 379/6029 [49:43<10:40:22,  6.80s/it]  6%|▋         | 380/6029 [49:51<11:03:07,  7.04s/it]  6%|▋         | 381/6029 [49:58<11:13:20,  7.15s/it]  6%|▋         | 382/6029 [50:04<10:41:32,  6.82s/it]  6%|▋         | 383/6029 [50:14<12:05:00,  7.70s/it]  6%|▋         | 384/6029 [50:18<10:13:26,  6.52s/it]  6%|▋         | 385/6029 [50:24<10:10:44,  6.49s/it]  6%|▋         | 386/6029 [50:31<10:11:27,  6.50s/it]  6%|▋         | 387/6029 [50:40<11:41:53,  7.46s/it]  6%|▋         | 388/6029 [50:52<13:48:21,  8.81s/it]  6%|▋         | 389/6029 [50:59<12:47:13,  8.16s/it]  6%|▋         | 390/6029 [51:07<12:39:36,  8.08s/it]  6%|▋         | 391/6029 [51:14<12:20:35,  7.88s/it]  7%|▋         | 392/6029 [51:19<10:58:54,  7.01s/it]  7%|▋         | 393/6029 [51:26<10:41:36,  6.83s/it]  7%|▋         | 394/6029 [51:31<10:05:38,  6.45s/it]  7%|▋         | 395/6029 [51:38<10:18:46,  6.59s/it]  7%|▋         | 396/6029 [51:42<8:58:16,  5.73s/it]   7%|▋         | 397/6029 [51:49<9:23:50,  6.01s/it]  7%|▋         | 398/6029 [51:56<9:54:40,  6.34s/it]  7%|▋         | 400/6029 [52:04<8:16:05,  5.29s/it]  7%|▋         | 402/6029 [52:12<7:21:58,  4.71s/it]  7%|▋         | 403/6029 [52:17<7:31:12,  4.81s/it]  7%|▋         | 404/6029 [52:23<8:04:25,  5.17s/it]  7%|▋         | 405/6029 [52:32<9:38:18,  6.17s/it]  7%|▋         | 406/6029 [52:40<10:16:43,  6.58s/it]  7%|▋         | 407/6029 [52:42<8:30:46,  5.45s/it]   7%|▋         | 408/6029 [52:50<9:43:22,  6.23s/it]  7%|▋         | 409/6029 [52:57<9:40:15,  6.19s/it]  7%|▋         | 410/6029 [53:08<12:00:51,  7.70s/it]  7%|▋         | 411/6029 [53:15<11:54:54,  7.64s/it]  7%|▋         | 412/6029 [53:24<12:15:26,  7.86s/it]  7%|▋         | 413/6029 [53:28<10:30:46,  6.74s/it]  7%|▋         | 414/6029 [53:29<8:06:28,  5.20s/it]   7%|▋         | 415/6029 [53:40<10:26:17,  6.69s/it]  7%|▋         | 416/6029 [53:49<11:33:43,  7.42s/it]  7%|▋         | 417/6029 [53:54<10:23:55,  6.67s/it]  7%|▋         | 418/6029 [54:04<11:55:17,  7.65s/it]  7%|▋         | 419/6029 [54:13<12:44:57,  8.18s/it]  7%|▋         | 420/6029 [54:18<11:03:50,  7.10s/it]  7%|▋         | 421/6029 [54:22<9:34:57,  6.15s/it]   7%|▋         | 422/6029 [54:27<9:13:16,  5.92s/it]  7%|▋         | 423/6029 [54:35<10:13:17,  6.56s/it]  7%|▋         | 424/6029 [54:38<8:22:32,  5.38s/it]   7%|▋         | 425/6029 [54:46<9:56:14,  6.38s/it]  7%|▋         | 426/6029 [54:50<8:49:08,  5.67s/it]  7%|▋         | 427/6029 [55:04<12:36:18,  8.10s/it]  7%|▋         | 428/6029 [55:10<11:37:42,  7.47s/it]  7%|▋         | 429/6029 [55:20<12:32:32,  8.06s/it]  7%|▋         | 430/6029 [55:25<11:15:05,  7.23s/it]  7%|▋         | 431/6029 [55:34<12:05:24,  7.78s/it]  7%|▋         | 432/6029 [55:39<11:01:30,  7.09s/it]  7%|▋         | 434/6029 [55:47<8:37:50,  5.55s/it]   7%|▋         | 435/6029 [55:52<8:31:42,  5.49s/it]  7%|▋         | 436/6029 [56:00<9:19:36,  6.00s/it]  7%|▋         | 437/6029 [56:10<10:58:11,  7.06s/it]  7%|▋         | 438/6029 [56:20<12:21:05,  7.95s/it]  7%|▋         | 439/6029 [56:27<11:48:25,  7.60s/it]  7%|▋         | 441/6029 [56:36<9:49:09,  6.33s/it]   7%|▋         | 442/6029 [56:46<11:05:11,  7.14s/it]  7%|▋         | 443/6029 [56:48<9:16:01,  5.97s/it]   7%|▋         | 444/6029 [56:56<9:51:22,  6.35s/it]  7%|▋         | 445/6029 [57:00<8:44:53,  5.64s/it]  7%|▋         | 446/6029 [57:03<7:52:51,  5.08s/it]  7%|▋         | 447/6029 [57:12<9:30:20,  6.13s/it]  7%|▋         | 448/6029 [57:21<10:46:42,  6.95s/it]  7%|▋         | 449/6029 [57:28<10:57:32,  7.07s/it]  7%|▋         | 450/6029 [57:39<12:40:04,  8.17s/it]  7%|▋         | 451/6029 [57:47<12:39:38,  8.17s/it]  7%|▋         | 452/6029 [57:52<11:09:45,  7.21s/it]  8%|▊         | 453/6029 [58:03<12:49:04,  8.28s/it]  8%|▊         | 454/6029 [58:06<10:33:40,  6.82s/it]  8%|▊         | 455/6029 [58:15<11:20:53,  7.33s/it]  8%|▊         | 456/6029 [58:20<10:28:29,  6.77s/it]  8%|▊         | 457/6029 [58:32<12:56:51,  8.37s/it]  8%|▊         | 458/6029 [58:34<9:44:59,  6.30s/it]   8%|▊         | 459/6029 [58:42<10:29:03,  6.78s/it]  8%|▊         | 460/6029 [58:52<12:01:57,  7.78s/it]  8%|▊         | 461/6029 [59:02<13:14:39,  8.56s/it]  8%|▊         | 462/6029 [59:10<12:45:49,  8.25s/it]  8%|▊         | 463/6029 [59:18<12:50:42,  8.31s/it]  8%|▊         | 464/6029 [59:33<15:49:52, 10.24s/it]  8%|▊         | 465/6029 [59:43<15:34:23, 10.08s/it]  8%|▊         | 466/6029 [59:54<16:02:40, 10.38s/it]  8%|▊         | 467/6029 [1:00:00<14:06:28,  9.13s/it]  8%|▊         | 468/6029 [1:00:02<10:44:59,  6.96s/it]  8%|▊         | 469/6029 [1:00:11<11:54:03,  7.71s/it]  8%|▊         | 470/6029 [1:00:18<11:20:42,  7.35s/it]  8%|▊         | 471/6029 [1:00:24<10:56:53,  7.09s/it]  8%|▊         | 472/6029 [1:00:29<9:37:45,  6.24s/it]   8%|▊         | 473/6029 [1:00:39<11:31:10,  7.46s/it]  8%|▊         | 474/6029 [1:00:46<11:34:03,  7.50s/it]  8%|▊         | 475/6029 [1:00:54<11:28:16,  7.44s/it]  8%|▊         | 476/6029 [1:01:02<11:45:34,  7.62s/it]  8%|▊         | 477/6029 [1:01:12<12:45:44,  8.28s/it]  8%|▊         | 478/6029 [1:01:19<12:14:32,  7.94s/it]  8%|▊         | 479/6029 [1:01:40<18:27:25, 11.97s/it]  8%|▊         | 480/6029 [1:01:49<17:03:57, 11.07s/it]  8%|▊         | 481/6029 [1:01:58<16:09:00, 10.48s/it]  8%|▊         | 482/6029 [1:02:06<15:04:54,  9.79s/it]  8%|▊         | 483/6029 [1:02:16<14:52:15,  9.65s/it]  8%|▊         | 484/6029 [1:02:25<14:45:01,  9.58s/it]  8%|▊         | 485/6029 [1:02:35<14:44:22,  9.57s/it]  8%|▊         | 486/6029 [1:02:43<13:56:33,  9.06s/it]  8%|▊         | 487/6029 [1:02:49<12:52:25,  8.36s/it]  8%|▊         | 488/6029 [1:02:55<11:34:13,  7.52s/it]  8%|▊         | 489/6029 [1:03:03<11:42:36,  7.61s/it]  8%|▊         | 490/6029 [1:03:10<11:30:14,  7.48s/it]  8%|▊         | 491/6029 [1:03:18<11:56:21,  7.76s/it]  8%|▊         | 492/6029 [1:03:28<12:41:13,  8.25s/it]  8%|▊         | 493/6029 [1:03:37<13:08:02,  8.54s/it]  8%|▊         | 494/6029 [1:03:44<12:41:40,  8.26s/it]  8%|▊         | 495/6029 [1:03:53<12:46:09,  8.31s/it]  8%|▊         | 496/6029 [1:04:01<12:32:37,  8.16s/it]  8%|▊         | 497/6029 [1:04:10<12:55:13,  8.41s/it]  8%|▊         | 498/6029 [1:04:19<13:27:11,  8.76s/it]  8%|▊         | 499/6029 [1:04:27<13:09:18,  8.56s/it]  8%|▊         | 500/6029 [1:04:28<9:16:52,  6.04s/it]   8%|▊         | 501/6029 [1:04:35<9:58:48,  6.50s/it]  8%|▊         | 502/6029 [1:04:41<9:54:35,  6.45s/it]  8%|▊         | 503/6029 [1:04:48<10:07:21,  6.59s/it]  8%|▊         | 504/6029 [1:04:57<11:11:01,  7.29s/it]  8%|▊         | 505/6029 [1:05:06<11:44:42,  7.65s/it]  8%|▊         | 506/6029 [1:05:12<11:18:06,  7.37s/it]  8%|▊         | 507/6029 [1:05:18<10:18:20,  6.72s/it]  8%|▊         | 508/6029 [1:05:25<10:43:55,  7.00s/it]  8%|▊         | 509/6029 [1:05:34<11:23:59,  7.43s/it]  8%|▊         | 510/6029 [1:05:40<10:49:56,  7.07s/it]  8%|▊         | 511/6029 [1:05:50<12:23:33,  8.09s/it]  8%|▊         | 512/6029 [1:05:56<11:03:31,  7.22s/it]  9%|▊         | 513/6029 [1:06:01<10:11:30,  6.65s/it]  9%|▊         | 514/6029 [1:06:07<9:57:15,  6.50s/it]   9%|▊         | 515/6029 [1:06:09<7:42:24,  5.03s/it]  9%|▊         | 516/6029 [1:06:16<8:55:40,  5.83s/it]  9%|▊         | 517/6029 [1:06:26<10:38:10,  6.95s/it]  9%|▊         | 518/6029 [1:06:32<10:09:15,  6.63s/it]  9%|▊         | 519/6029 [1:06:35<8:43:20,  5.70s/it]   9%|▊         | 520/6029 [1:06:45<10:24:48,  6.81s/it]  9%|▊         | 521/6029 [1:06:50<9:48:20,  6.41s/it]   9%|▊         | 522/6029 [1:06:58<10:21:24,  6.77s/it]  9%|▊         | 523/6029 [1:07:06<11:03:47,  7.23s/it]  9%|▊         | 524/6029 [1:07:17<12:49:11,  8.38s/it]  9%|▊         | 525/6029 [1:07:26<13:10:23,  8.62s/it]  9%|▊         | 526/6029 [1:07:35<13:15:34,  8.67s/it]  9%|▊         | 527/6029 [1:07:42<12:13:18,  8.00s/it]  9%|▉         | 528/6029 [1:07:49<11:49:02,  7.73s/it]  9%|▉         | 529/6029 [1:07:55<11:06:35,  7.27s/it]  9%|▉         | 530/6029 [1:08:03<11:25:46,  7.48s/it]  9%|▉         | 531/6029 [1:08:11<11:42:01,  7.66s/it]  9%|▉         | 532/6029 [1:08:18<11:26:19,  7.49s/it]  9%|▉         | 533/6029 [1:08:26<11:43:25,  7.68s/it]  9%|▉         | 534/6029 [1:08:38<13:29:45,  8.84s/it]  9%|▉         | 535/6029 [1:08:48<14:05:18,  9.23s/it]  9%|▉         | 536/6029 [1:08:58<14:23:00,  9.43s/it]  9%|▉         | 537/6029 [1:09:06<13:40:09,  8.96s/it]  9%|▉         | 538/6029 [1:09:11<11:46:46,  7.72s/it]  9%|▉         | 539/6029 [1:09:17<11:14:19,  7.37s/it]  9%|▉         | 540/6029 [1:09:25<11:41:03,  7.66s/it]  9%|▉         | 541/6029 [1:09:35<12:32:15,  8.22s/it]  9%|▉         | 542/6029 [1:09:46<13:52:53,  9.11s/it]  9%|▉         | 543/6029 [1:09:48<10:31:39,  6.91s/it]  9%|▉         | 544/6029 [1:09:56<11:00:42,  7.23s/it]  9%|▉         | 545/6029 [1:10:03<11:06:33,  7.29s/it]  9%|▉         | 546/6029 [1:10:07<9:33:42,  6.28s/it]   9%|▉         | 547/6029 [1:10:14<9:51:40,  6.48s/it]  9%|▉         | 548/6029 [1:10:23<11:08:45,  7.32s/it]  9%|▉         | 549/6029 [1:10:27<9:29:16,  6.23s/it]   9%|▉         | 550/6029 [1:10:38<11:42:33,  7.69s/it]  9%|▉         | 551/6029 [1:10:46<11:50:56,  7.79s/it]  9%|▉         | 552/6029 [1:10:58<13:27:59,  8.85s/it]  9%|▉         | 553/6029 [1:11:06<13:12:53,  8.69s/it]  9%|▉         | 554/6029 [1:11:10<11:09:08,  7.33s/it]  9%|▉         | 555/6029 [1:11:16<10:21:45,  6.81s/it]  9%|▉         | 556/6029 [1:11:25<11:41:42,  7.69s/it]  9%|▉         | 557/6029 [1:11:31<10:35:52,  6.97s/it]  9%|▉         | 558/6029 [1:11:36<9:56:08,  6.54s/it]   9%|▉         | 559/6029 [1:11:40<8:45:44,  5.77s/it]  9%|▉         | 560/6029 [1:11:49<10:19:07,  6.79s/it]  9%|▉         | 561/6029 [1:11:57<10:48:11,  7.11s/it]  9%|▉         | 562/6029 [1:12:05<11:01:38,  7.26s/it]  9%|▉         | 563/6029 [1:12:13<11:22:00,  7.49s/it]  9%|▉         | 564/6029 [1:12:21<11:28:50,  7.56s/it]  9%|▉         | 565/6029 [1:12:27<11:07:58,  7.34s/it]  9%|▉         | 566/6029 [1:12:34<10:49:13,  7.13s/it]  9%|▉         | 567/6029 [1:12:45<12:35:07,  8.30s/it]  9%|▉         | 568/6029 [1:12:55<13:17:12,  8.76s/it]  9%|▉         | 569/6029 [1:13:00<11:32:41,  7.61s/it]  9%|▉         | 570/6029 [1:13:06<10:46:34,  7.11s/it]  9%|▉         | 571/6029 [1:13:11<9:54:59,  6.54s/it]   9%|▉         | 572/6029 [1:13:16<9:13:57,  6.09s/it] 10%|▉         | 573/6029 [1:13:22<9:01:30,  5.96s/it] 10%|▉         | 574/6029 [1:13:27<8:49:57,  5.83s/it] 10%|▉         | 575/6029 [1:13:37<10:30:01,  6.93s/it] 10%|▉         | 576/6029 [1:13:44<10:34:02,  6.98s/it] 10%|▉         | 577/6029 [1:13:53<11:41:34,  7.72s/it] 10%|▉         | 578/6029 [1:13:59<10:41:03,  7.06s/it] 10%|▉         | 579/6029 [1:14:05<10:24:10,  6.87s/it] 10%|▉         | 580/6029 [1:14:11<9:57:33,  6.58s/it]  10%|▉         | 581/6029 [1:14:16<9:03:35,  5.99s/it] 10%|▉         | 582/6029 [1:14:22<9:20:01,  6.17s/it] 10%|▉         | 583/6029 [1:14:32<10:47:32,  7.13s/it] 10%|▉         | 584/6029 [1:14:37<9:46:55,  6.47s/it]  10%|▉         | 585/6029 [1:14:42<9:27:08,  6.25s/it] 10%|▉         | 586/6029 [1:14:51<10:22:29,  6.86s/it] 10%|▉         | 587/6029 [1:15:00<11:21:37,  7.52s/it] 10%|▉         | 588/6029 [1:15:06<10:41:21,  7.07s/it] 10%|▉         | 589/6029 [1:15:12<10:10:58,  6.74s/it] 10%|▉         | 590/6029 [1:15:22<11:55:51,  7.90s/it] 10%|▉         | 591/6029 [1:15:27<10:35:54,  7.02s/it] 10%|▉         | 592/6029 [1:15:37<11:42:02,  7.75s/it] 10%|▉         | 593/6029 [1:15:40<9:49:31,  6.51s/it]  10%|▉         | 594/6029 [1:15:45<9:12:22,  6.10s/it] 10%|▉         | 595/6029 [1:15:57<11:41:59,  7.75s/it] 10%|▉         | 596/6029 [1:16:06<12:02:23,  7.98s/it] 10%|▉         | 597/6029 [1:16:13<11:38:14,  7.71s/it] 10%|▉         | 598/6029 [1:16:25<13:49:30,  9.16s/it] 10%|▉         | 599/6029 [1:16:30<11:52:32,  7.87s/it] 10%|▉         | 600/6029 [1:16:32<9:07:33,  6.05s/it]  10%|▉         | 601/6029 [1:16:37<8:53:01,  5.89s/it] 10%|█         | 603/6029 [1:16:42<6:24:36,  4.25s/it] 10%|█         | 604/6029 [1:16:50<7:45:58,  5.15s/it] 10%|█         | 605/6029 [1:16:52<6:26:01,  4.27s/it] 10%|█         | 606/6029 [1:17:00<8:14:31,  5.47s/it] 10%|█         | 607/6029 [1:17:09<9:44:16,  6.47s/it] 10%|█         | 608/6029 [1:17:21<12:00:27,  7.97s/it] 10%|█         | 609/6029 [1:17:28<11:17:50,  7.50s/it] 10%|█         | 610/6029 [1:17:36<11:51:03,  7.87s/it] 10%|█         | 611/6029 [1:17:44<11:39:14,  7.74s/it] 10%|█         | 612/6029 [1:17:55<13:00:41,  8.65s/it] 10%|█         | 613/6029 [1:18:05<13:48:48,  9.18s/it] 10%|█         | 614/6029 [1:18:17<15:07:16, 10.05s/it] 10%|█         | 615/6029 [1:18:30<16:14:06, 10.80s/it] 10%|█         | 616/6029 [1:18:32<12:17:24,  8.17s/it] 10%|█         | 617/6029 [1:18:39<11:42:12,  7.79s/it] 10%|█         | 618/6029 [1:18:47<12:09:27,  8.09s/it] 10%|█         | 619/6029 [1:18:56<12:29:27,  8.31s/it] 10%|█         | 620/6029 [1:19:05<12:43:12,  8.47s/it] 10%|█         | 621/6029 [1:19:11<11:34:26,  7.70s/it] 10%|█         | 622/6029 [1:19:21<12:44:54,  8.49s/it] 10%|█         | 623/6029 [1:19:31<13:18:20,  8.86s/it] 10%|█         | 624/6029 [1:19:37<11:57:25,  7.96s/it] 10%|█         | 625/6029 [1:19:49<13:38:10,  9.08s/it] 10%|█         | 626/6029 [1:19:50<10:05:44,  6.73s/it] 10%|█         | 627/6029 [1:20:01<12:04:34,  8.05s/it] 10%|█         | 628/6029 [1:20:08<11:52:39,  7.92s/it] 10%|█         | 629/6029 [1:20:10<9:00:47,  6.01s/it]  10%|█         | 630/6029 [1:20:15<8:41:54,  5.80s/it] 10%|█         | 631/6029 [1:20:17<6:54:27,  4.61s/it] 10%|█         | 632/6029 [1:20:26<8:58:41,  5.99s/it] 10%|█         | 633/6029 [1:20:36<10:32:48,  7.04s/it] 11%|█         | 634/6029 [1:20:46<11:53:58,  7.94s/it] 11%|█         | 635/6029 [1:20:56<12:50:09,  8.57s/it] 11%|█         | 636/6029 [1:21:04<12:25:22,  8.29s/it] 11%|█         | 637/6029 [1:21:10<11:36:15,  7.75s/it] 11%|█         | 638/6029 [1:21:12<9:09:31,  6.12s/it]  11%|█         | 639/6029 [1:21:17<8:39:39,  5.78s/it] 11%|█         | 640/6029 [1:21:33<13:14:08,  8.84s/it] 11%|█         | 641/6029 [1:21:41<12:52:41,  8.60s/it] 11%|█         | 642/6029 [1:21:48<11:55:57,  7.97s/it] 11%|█         | 643/6029 [1:21:57<12:35:24,  8.42s/it] 11%|█         | 644/6029 [1:22:05<12:26:59,  8.32s/it] 11%|█         | 646/6029 [1:22:14<9:37:06,  6.43s/it]  11%|█         | 647/6029 [1:22:21<9:51:23,  6.59s/it] 11%|█         | 648/6029 [1:22:32<11:39:30,  7.80s/it] 11%|█         | 649/6029 [1:22:37<10:37:20,  7.11s/it] 11%|█         | 650/6029 [1:22:43<9:57:07,  6.66s/it]  11%|█         | 651/6029 [1:22:48<9:25:09,  6.31s/it] 11%|█         | 652/6029 [1:23:10<15:54:12, 10.65s/it] 11%|█         | 653/6029 [1:23:15<13:35:26,  9.10s/it] 11%|█         | 654/6029 [1:23:22<12:47:27,  8.57s/it] 11%|█         | 655/6029 [1:23:28<11:24:08,  7.64s/it] 11%|█         | 656/6029 [1:24:13<28:15:01, 18.93s/it] 11%|█         | 657/6029 [1:24:21<23:19:43, 15.63s/it] 11%|█         | 658/6029 [1:24:30<20:19:00, 13.62s/it] 11%|█         | 659/6029 [1:24:37<17:19:42, 11.62s/it] 11%|█         | 660/6029 [1:24:40<13:31:50,  9.07s/it] 11%|█         | 661/6029 [1:24:48<13:00:35,  8.72s/it] 11%|█         | 662/6029 [1:24:54<11:45:12,  7.88s/it] 11%|█         | 663/6029 [1:25:06<13:36:26,  9.13s/it] 11%|█         | 664/6029 [1:25:14<12:59:02,  8.71s/it] 11%|█         | 665/6029 [1:25:19<11:37:55,  7.81s/it] 11%|█         | 666/6029 [1:25:27<11:42:04,  7.85s/it] 11%|█         | 667/6029 [1:25:34<11:06:44,  7.46s/it] 11%|█         | 668/6029 [1:25:40<10:19:06,  6.93s/it] 11%|█         | 669/6029 [1:25:51<12:21:31,  8.30s/it] 11%|█         | 670/6029 [1:25:56<10:51:20,  7.29s/it] 11%|█         | 671/6029 [1:26:04<11:19:50,  7.61s/it] 11%|█         | 672/6029 [1:26:12<11:05:43,  7.46s/it] 11%|█         | 673/6029 [1:26:17<10:06:14,  6.79s/it] 11%|█         | 674/6029 [1:26:20<8:42:49,  5.86s/it]  11%|█         | 675/6029 [1:26:29<9:50:51,  6.62s/it] 11%|█         | 676/6029 [1:26:41<12:28:49,  8.39s/it] 11%|█         | 677/6029 [1:26:46<10:55:36,  7.35s/it] 11%|█         | 678/6029 [1:26:55<11:23:11,  7.66s/it] 11%|█▏        | 679/6029 [1:27:05<12:28:32,  8.39s/it] 11%|█▏        | 680/6029 [1:27:10<11:15:33,  7.58s/it] 11%|█▏        | 681/6029 [1:27:21<12:24:08,  8.35s/it] 11%|█▏        | 682/6029 [1:27:27<11:20:02,  7.63s/it] 11%|█▏        | 683/6029 [1:27:35<11:28:31,  7.73s/it] 11%|█▏        | 684/6029 [1:27:43<11:53:45,  8.01s/it] 11%|█▏        | 685/6029 [1:27:50<11:29:28,  7.74s/it] 11%|█▏        | 686/6029 [1:27:56<10:34:16,  7.12s/it] 11%|█▏        | 687/6029 [1:28:07<12:07:18,  8.17s/it] 11%|█▏        | 688/6029 [1:28:11<10:14:58,  6.91s/it] 11%|█▏        | 689/6029 [1:28:12<7:56:11,  5.35s/it]  11%|█▏        | 690/6029 [1:28:18<8:07:11,  5.48s/it] 11%|█▏        | 691/6029 [1:28:23<7:56:03,  5.35s/it] 11%|█▏        | 692/6029 [1:28:36<11:19:15,  7.64s/it] 11%|█▏        | 693/6029 [1:28:44<11:23:59,  7.69s/it] 12%|█▏        | 694/6029 [1:28:51<11:19:39,  7.64s/it] 12%|█▏        | 695/6029 [1:29:00<11:44:51,  7.93s/it] 12%|█▏        | 696/6029 [1:29:08<11:40:27,  7.88s/it] 12%|█▏        | 697/6029 [1:29:16<11:53:33,  8.03s/it] 12%|█▏        | 698/6029 [1:29:23<11:22:25,  7.68s/it] 12%|█▏        | 699/6029 [1:29:31<11:25:15,  7.71s/it] 12%|█▏        | 700/6029 [1:29:42<12:54:17,  8.72s/it] 12%|█▏        | 701/6029 [1:29:53<13:55:23,  9.41s/it] 12%|█▏        | 702/6029 [1:30:00<12:59:35,  8.78s/it] 12%|█▏        | 703/6029 [1:30:13<14:41:59,  9.94s/it] 12%|█▏        | 704/6029 [1:30:25<15:40:40, 10.60s/it] 12%|█▏        | 705/6029 [1:30:27<11:54:39,  8.05s/it] 12%|█▏        | 706/6029 [1:30:38<12:57:14,  8.76s/it] 12%|█▏        | 707/6029 [1:30:45<12:35:08,  8.51s/it] 12%|█▏        | 708/6029 [1:30:55<12:50:23,  8.69s/it] 12%|█▏        | 709/6029 [1:31:02<12:11:53,  8.25s/it] 12%|█▏        | 710/6029 [1:31:12<13:07:55,  8.89s/it] 12%|█▏        | 711/6029 [1:31:16<10:40:52,  7.23s/it] 12%|█▏        | 712/6029 [1:31:28<13:07:05,  8.88s/it] 12%|█▏        | 713/6029 [1:31:35<12:22:02,  8.38s/it] 12%|█▏        | 714/6029 [1:31:47<13:38:57,  9.25s/it] 12%|█▏        | 715/6029 [1:31:54<12:35:18,  8.53s/it] 12%|█▏        | 716/6029 [1:32:02<12:31:10,  8.48s/it] 12%|█▏        | 717/6029 [1:32:10<12:19:39,  8.35s/it] 12%|█▏        | 718/6029 [1:32:19<12:25:34,  8.42s/it] 12%|█▏        | 719/6029 [1:32:32<14:29:59,  9.83s/it] 12%|█▏        | 720/6029 [1:32:43<14:55:50, 10.12s/it] 12%|█▏        | 721/6029 [1:32:45<11:25:54,  7.75s/it] 12%|█▏        | 722/6029 [1:32:55<12:36:07,  8.55s/it] 12%|█▏        | 723/6029 [1:33:00<11:08:28,  7.56s/it] 12%|█▏        | 724/6029 [1:33:13<13:22:41,  9.08s/it] 12%|█▏        | 725/6029 [1:33:21<12:57:58,  8.80s/it] 12%|█▏        | 726/6029 [1:33:28<12:00:47,  8.16s/it] 12%|█▏        | 727/6029 [1:33:36<12:04:33,  8.20s/it] 12%|█▏        | 728/6029 [1:33:44<11:53:33,  8.08s/it] 12%|█▏        | 729/6029 [1:33:46<9:05:57,  6.18s/it]  12%|█▏        | 730/6029 [1:33:53<9:26:23,  6.41s/it] 12%|█▏        | 731/6029 [1:33:58<8:47:43,  5.98s/it] 12%|█▏        | 732/6029 [1:34:01<7:34:32,  5.15s/it] 12%|█▏        | 733/6029 [1:34:04<6:52:15,  4.67s/it] 12%|█▏        | 735/6029 [1:34:10<5:43:38,  3.89s/it] 12%|█▏        | 736/6029 [1:34:18<7:12:11,  4.90s/it] 12%|█▏        | 737/6029 [1:34:26<8:15:46,  5.62s/it] 12%|█▏        | 738/6029 [1:34:31<8:11:48,  5.58s/it] 12%|█▏        | 739/6029 [1:34:35<7:34:04,  5.15s/it] 12%|█▏        | 740/6029 [1:34:41<7:48:30,  5.31s/it] 12%|█▏        | 741/6029 [1:34:43<6:23:42,  4.35s/it] 12%|█▏        | 743/6029 [1:34:46<4:29:07,  3.05s/it] 12%|█▏        | 744/6029 [1:34:55<6:35:31,  4.49s/it] 12%|█▏        | 745/6029 [1:35:00<6:52:09,  4.68s/it] 12%|█▏        | 746/6029 [1:35:08<8:06:32,  5.53s/it] 12%|█▏        | 747/6029 [1:35:14<8:15:19,  5.63s/it] 12%|█▏        | 748/6029 [1:35:22<9:12:20,  6.28s/it] 12%|█▏        | 749/6029 [1:35:27<8:29:50,  5.79s/it] 12%|█▏        | 750/6029 [1:35:35<9:33:13,  6.52s/it] 12%|█▏        | 751/6029 [1:35:37<7:48:40,  5.33s/it] 12%|█▏        | 752/6029 [1:35:45<9:01:06,  6.15s/it] 12%|█▏        | 753/6029 [1:35:54<10:09:43,  6.93s/it] 13%|█▎        | 754/6029 [1:36:00<9:53:08,  6.75s/it]  13%|█▎        | 755/6029 [1:36:11<11:33:24,  7.89s/it] 13%|█▎        | 756/6029 [1:36:21<12:29:24,  8.53s/it] 13%|█▎        | 757/6029 [1:36:31<13:00:03,  8.88s/it] 13%|█▎        | 759/6029 [1:36:35<8:19:31,  5.69s/it]  13%|█▎        | 760/6029 [1:36:44<9:31:45,  6.51s/it] 13%|█▎        | 761/6029 [1:36:48<8:51:05,  6.05s/it] 13%|█▎        | 762/6029 [1:36:58<10:11:09,  6.96s/it] 13%|█▎        | 763/6029 [1:37:06<10:43:52,  7.34s/it] 13%|█▎        | 764/6029 [1:37:11<9:40:59,  6.62s/it]  13%|█▎        | 765/6029 [1:37:16<9:11:15,  6.28s/it] 13%|█▎        | 766/6029 [1:37:25<10:01:21,  6.86s/it] 13%|█▎        | 767/6029 [1:37:30<9:21:45,  6.41s/it]  13%|█▎        | 768/6029 [1:37:39<10:37:16,  7.27s/it] 13%|█▎        | 769/6029 [1:37:48<11:14:00,  7.69s/it] 13%|█▎        | 770/6029 [1:37:56<11:26:53,  7.84s/it] 13%|█▎        | 771/6029 [1:38:04<11:31:28,  7.89s/it] 13%|█▎        | 772/6029 [1:38:12<11:31:55,  7.90s/it] 13%|█▎        | 773/6029 [1:38:14<8:55:09,  6.11s/it]  13%|█▎        | 774/6029 [1:38:20<8:47:11,  6.02s/it] 13%|█▎        | 775/6029 [1:38:26<8:46:41,  6.01s/it] 13%|█▎        | 776/6029 [1:38:36<10:23:19,  7.12s/it] 13%|█▎        | 777/6029 [1:38:45<11:32:49,  7.92s/it] 13%|█▎        | 778/6029 [1:38:53<11:28:02,  7.86s/it] 13%|█▎        | 779/6029 [1:39:00<11:00:16,  7.55s/it] 13%|█▎        | 780/6029 [1:39:09<11:49:18,  8.11s/it] 13%|█▎        | 781/6029 [1:39:19<12:22:05,  8.48s/it] 13%|█▎        | 782/6029 [1:39:24<11:07:12,  7.63s/it] 13%|█▎        | 783/6029 [1:39:32<11:15:39,  7.73s/it] 13%|█▎        | 784/6029 [1:39:38<10:27:20,  7.18s/it] 13%|█▎        | 785/6029 [1:39:46<10:45:15,  7.38s/it] 13%|█▎        | 786/6029 [1:39:54<10:52:30,  7.47s/it] 13%|█▎        | 787/6029 [1:39:58<9:26:44,  6.49s/it]  13%|█▎        | 788/6029 [1:40:06<10:01:52,  6.89s/it] 13%|█▎        | 789/6029 [1:40:13<10:02:35,  6.90s/it] 13%|█▎        | 790/6029 [1:40:16<8:25:56,  5.79s/it]  13%|█▎        | 791/6029 [1:40:22<8:40:06,  5.96s/it] 13%|█▎        | 792/6029 [1:40:25<7:29:40,  5.15s/it] 13%|█▎        | 793/6029 [1:40:38<10:53:42,  7.49s/it] 13%|█▎        | 794/6029 [1:40:46<11:02:45,  7.60s/it] 13%|█▎        | 795/6029 [1:40:53<10:33:01,  7.26s/it] 13%|█▎        | 796/6029 [1:40:58<9:51:45,  6.78s/it]  13%|█▎        | 797/6029 [1:41:08<11:09:37,  7.68s/it] 13%|█▎        | 798/6029 [1:41:20<12:46:49,  8.80s/it] 13%|█▎        | 799/6029 [1:41:35<15:42:04, 10.81s/it] 13%|█▎        | 800/6029 [1:41:46<15:53:09, 10.94s/it] 13%|█▎        | 801/6029 [1:41:54<14:18:16,  9.85s/it] 13%|█▎        | 802/6029 [1:42:02<13:49:30,  9.52s/it] 13%|█▎        | 803/6029 [1:42:11<13:19:59,  9.18s/it] 13%|█▎        | 804/6029 [1:42:14<10:40:07,  7.35s/it] 13%|█▎        | 805/6029 [1:42:17<9:02:45,  6.23s/it]  13%|█▎        | 806/6029 [1:42:26<9:50:02,  6.78s/it] 13%|█▎        | 807/6029 [1:42:33<10:03:33,  6.93s/it] 13%|█▎        | 808/6029 [1:42:39<9:41:12,  6.68s/it]  13%|█▎        | 809/6029 [1:42:45<9:34:36,  6.60s/it] 13%|█▎        | 810/6029 [1:42:47<7:21:08,  5.07s/it] 13%|█▎        | 811/6029 [1:42:54<8:04:41,  5.57s/it] 13%|█▎        | 812/6029 [1:43:02<9:21:41,  6.46s/it] 13%|█▎        | 813/6029 [1:43:10<9:59:12,  6.89s/it] 14%|█▎        | 814/6029 [1:43:21<11:47:27,  8.14s/it] 14%|█▎        | 815/6029 [1:43:31<12:37:43,  8.72s/it] 14%|█▎        | 816/6029 [1:43:41<13:05:44,  9.04s/it] 14%|█▎        | 817/6029 [1:43:53<14:34:00, 10.06s/it] 14%|█▎        | 818/6029 [1:43:58<12:02:19,  8.32s/it] 14%|█▎        | 819/6029 [1:44:09<13:26:04,  9.28s/it] 14%|█▎        | 820/6029 [1:44:21<14:27:07,  9.99s/it] 14%|█▎        | 821/6029 [1:44:25<11:48:00,  8.16s/it] 14%|█▎        | 822/6029 [1:44:34<12:08:33,  8.40s/it] 14%|█▎        | 823/6029 [1:44:43<12:27:31,  8.62s/it] 14%|█▎        | 824/6029 [1:44:49<11:34:18,  8.00s/it] 14%|█▎        | 825/6029 [1:45:03<14:03:32,  9.73s/it] 14%|█▎        | 826/6029 [1:45:12<13:42:29,  9.48s/it] 14%|█▎        | 827/6029 [1:45:17<11:40:05,  8.07s/it] 14%|█▎        | 828/6029 [1:45:21<10:06:11,  6.99s/it] 14%|█▍        | 829/6029 [1:45:30<10:43:30,  7.43s/it] 14%|█▍        | 830/6029 [1:45:36<10:26:33,  7.23s/it] 14%|█▍        | 831/6029 [1:45:43<9:56:42,  6.89s/it]  14%|█▍        | 832/6029 [1:45:46<8:25:05,  5.83s/it] 14%|█▍        | 833/6029 [1:45:56<10:13:38,  7.09s/it] 14%|█▍        | 834/6029 [1:46:05<10:57:01,  7.59s/it] 14%|█▍        | 835/6029 [1:46:07<8:28:19,  5.87s/it]  14%|█▍        | 836/6029 [1:46:11<7:46:20,  5.39s/it] 14%|█▍        | 837/6029 [1:46:19<8:53:44,  6.17s/it] 14%|█▍        | 838/6029 [1:46:25<8:51:23,  6.14s/it] 14%|█▍        | 839/6029 [1:46:36<10:51:43,  7.53s/it] 14%|█▍        | 840/6029 [1:46:45<11:40:20,  8.10s/it] 14%|█▍        | 841/6029 [1:46:52<11:17:00,  7.83s/it] 14%|█▍        | 842/6029 [1:47:03<12:20:30,  8.57s/it] 14%|█▍        | 843/6029 [1:47:12<12:43:50,  8.84s/it] 14%|█▍        | 844/6029 [1:47:16<10:39:03,  7.40s/it] 14%|█▍        | 845/6029 [1:47:19<8:48:39,  6.12s/it]  14%|█▍        | 846/6029 [1:47:28<9:53:49,  6.87s/it] 14%|█▍        | 847/6029 [1:47:34<9:47:16,  6.80s/it] 14%|█▍        | 848/6029 [1:47:39<8:55:23,  6.20s/it] 14%|█▍        | 849/6029 [1:47:49<10:14:59,  7.12s/it] 14%|█▍        | 850/6029 [1:47:55<9:44:44,  6.77s/it]  14%|█▍        | 851/6029 [1:47:59<8:56:41,  6.22s/it] 14%|█▍        | 852/6029 [1:48:08<10:00:08,  6.96s/it] 14%|█▍        | 853/6029 [1:48:14<9:30:23,  6.61s/it]  14%|█▍        | 855/6029 [1:48:25<8:52:02,  6.17s/it] 14%|█▍        | 856/6029 [1:48:34<9:45:04,  6.79s/it] 14%|█▍        | 857/6029 [1:48:39<9:12:35,  6.41s/it] 14%|█▍        | 858/6029 [1:48:50<10:51:14,  7.56s/it] 14%|█▍        | 859/6029 [1:48:55<9:52:51,  6.88s/it]  14%|█▍        | 860/6029 [1:49:01<9:32:22,  6.64s/it] 14%|█▍        | 861/6029 [1:49:09<9:53:04,  6.89s/it] 14%|█▍        | 862/6029 [1:49:22<12:35:34,  8.77s/it] 14%|█▍        | 863/6029 [1:49:25<10:18:15,  7.18s/it] 14%|█▍        | 864/6029 [1:49:38<12:45:02,  8.89s/it] 14%|█▍        | 865/6029 [1:49:48<13:00:50,  9.07s/it] 14%|█▍        | 866/6029 [1:49:51<10:28:54,  7.31s/it] 14%|█▍        | 867/6029 [1:49:58<10:20:00,  7.21s/it] 14%|█▍        | 868/6029 [1:50:06<10:36:17,  7.40s/it] 14%|█▍        | 869/6029 [1:50:15<11:26:35,  7.98s/it] 14%|█▍        | 870/6029 [1:50:21<10:24:48,  7.27s/it] 14%|█▍        | 871/6029 [1:50:26<9:39:08,  6.74s/it]  14%|█▍        | 872/6029 [1:50:28<7:31:03,  5.25s/it] 14%|█▍        | 873/6029 [1:50:38<9:47:23,  6.84s/it] 14%|█▍        | 874/6029 [1:50:44<9:19:41,  6.51s/it] 15%|█▍        | 875/6029 [1:50:50<9:12:03,  6.43s/it] 15%|█▍        | 876/6029 [1:51:01<11:04:33,  7.74s/it] 15%|█▍        | 877/6029 [1:51:06<9:43:11,  6.79s/it]  15%|█▍        | 878/6029 [1:51:10<8:29:24,  5.93s/it] 15%|█▍        | 879/6029 [1:51:13<7:33:00,  5.28s/it] 15%|█▍        | 880/6029 [1:51:20<7:56:12,  5.55s/it] 15%|█▍        | 881/6029 [1:51:29<9:28:36,  6.63s/it] 15%|█▍        | 882/6029 [1:51:32<8:09:21,  5.70s/it] 15%|█▍        | 883/6029 [1:51:38<8:10:23,  5.72s/it] 15%|█▍        | 884/6029 [1:51:46<9:07:25,  6.38s/it] 15%|█▍        | 885/6029 [1:51:54<9:53:54,  6.93s/it] 15%|█▍        | 886/6029 [1:52:00<9:22:47,  6.57s/it] 15%|█▍        | 887/6029 [1:52:06<9:02:09,  6.33s/it] 15%|█▍        | 888/6029 [1:52:13<9:17:43,  6.51s/it] 15%|█▍        | 889/6029 [1:52:21<10:07:29,  7.09s/it] 15%|█▍        | 890/6029 [1:52:28<10:14:54,  7.18s/it] 15%|█▍        | 891/6029 [1:52:36<10:34:28,  7.41s/it] 15%|█▍        | 892/6029 [1:52:47<12:06:18,  8.48s/it] 15%|█▍        | 893/6029 [1:52:55<11:46:21,  8.25s/it] 15%|█▍        | 894/6029 [1:53:04<11:52:43,  8.33s/it] 15%|█▍        | 895/6029 [1:53:10<11:09:15,  7.82s/it] 15%|█▍        | 896/6029 [1:53:26<14:37:41, 10.26s/it] 15%|█▍        | 897/6029 [1:53:33<13:19:02,  9.34s/it] 15%|█▍        | 898/6029 [1:53:43<13:28:38,  9.46s/it] 15%|█▍        | 899/6029 [1:53:50<12:23:46,  8.70s/it] 15%|█▍        | 900/6029 [1:54:04<14:26:56, 10.14s/it] 15%|█▍        | 901/6029 [1:54:11<13:07:44,  9.22s/it] 15%|█▍        | 902/6029 [1:54:18<12:16:56,  8.62s/it] 15%|█▍        | 903/6029 [1:54:26<12:14:36,  8.60s/it] 15%|█▍        | 904/6029 [1:54:35<12:16:28,  8.62s/it] 15%|█▌        | 905/6029 [1:54:44<12:29:03,  8.77s/it] 15%|█▌        | 906/6029 [1:54:53<12:34:30,  8.84s/it] 15%|█▌        | 907/6029 [1:55:06<14:04:57,  9.90s/it] 15%|█▌        | 908/6029 [1:55:09<11:19:55,  7.97s/it] 15%|█▌        | 909/6029 [1:55:13<9:45:24,  6.86s/it]  15%|█▌        | 910/6029 [1:55:19<9:09:55,  6.45s/it] 15%|█▌        | 911/6029 [1:55:26<9:31:03,  6.69s/it] 15%|█▌        | 912/6029 [1:55:36<10:41:17,  7.52s/it] 15%|█▌        | 913/6029 [1:55:46<12:07:41,  8.53s/it] 15%|█▌        | 914/6029 [1:55:48<9:09:12,  6.44s/it]  15%|█▌        | 915/6029 [1:55:53<8:44:20,  6.15s/it] 15%|█▌        | 916/6029 [1:56:03<10:20:57,  7.29s/it] 15%|█▌        | 917/6029 [1:56:07<8:51:43,  6.24s/it]  15%|█▌        | 918/6029 [1:56:18<10:46:03,  7.58s/it] 15%|█▌        | 919/6029 [1:56:28<11:51:50,  8.36s/it] 15%|█▌        | 920/6029 [1:56:37<12:06:41,  8.53s/it] 15%|█▌        | 921/6029 [1:56:45<11:46:40,  8.30s/it] 15%|█▌        | 922/6029 [1:56:49<9:57:22,  7.02s/it]  15%|█▌        | 923/6029 [1:56:51<7:56:31,  5.60s/it] 15%|█▌        | 924/6029 [1:56:58<8:38:57,  6.10s/it] 15%|█▌        | 925/6029 [1:57:08<10:19:44,  7.29s/it] 15%|█▌        | 926/6029 [1:57:14<9:39:40,  6.82s/it]  15%|█▌        | 927/6029 [1:57:26<11:44:39,  8.29s/it] 15%|█▌        | 928/6029 [1:57:30<9:54:02,  6.99s/it]  15%|█▌        | 929/6029 [1:57:37<10:02:46,  7.09s/it] 15%|█▌        | 930/6029 [1:57:50<12:39:53,  8.94s/it] 15%|█▌        | 931/6029 [1:58:01<13:17:57,  9.39s/it] 15%|█▌        | 932/6029 [1:58:07<12:01:01,  8.49s/it] 15%|█▌        | 933/6029 [1:58:11<10:11:48,  7.20s/it] 15%|█▌        | 934/6029 [1:58:22<11:45:06,  8.30s/it] 16%|█▌        | 935/6029 [1:58:27<10:11:29,  7.20s/it] 16%|█▌        | 936/6029 [1:58:38<11:48:20,  8.34s/it] 16%|█▌        | 937/6029 [1:58:39<8:53:40,  6.29s/it]  16%|█▌        | 938/6029 [1:58:49<10:28:18,  7.40s/it] 16%|█▌        | 939/6029 [1:58:55<9:36:45,  6.80s/it]  16%|█▌        | 940/6029 [1:59:03<10:17:30,  7.28s/it] 16%|█▌        | 941/6029 [1:59:07<8:53:37,  6.29s/it]  16%|█▌        | 942/6029 [1:59:16<9:48:54,  6.95s/it] 16%|█▌        | 943/6029 [1:59:26<11:05:00,  7.85s/it] 16%|█▌        | 944/6029 [1:59:31<10:08:19,  7.18s/it] 16%|█▌        | 945/6029 [1:59:42<11:44:55,  8.32s/it] 16%|█▌        | 946/6029 [1:59:50<11:36:11,  8.22s/it] 16%|█▌        | 947/6029 [1:59:59<12:02:09,  8.53s/it] 16%|█▌        | 948/6029 [2:00:06<11:19:28,  8.02s/it] 16%|█▌        | 949/6029 [2:00:19<13:16:58,  9.41s/it] 16%|█▌        | 950/6029 [2:00:26<12:12:53,  8.66s/it] 16%|█▌        | 951/6029 [2:00:35<12:12:33,  8.66s/it] 16%|█▌        | 952/6029 [2:00:38<10:06:35,  7.17s/it] 16%|█▌        | 953/6029 [2:00:48<11:09:37,  7.92s/it] 16%|█▌        | 954/6029 [2:00:56<11:15:17,  7.98s/it] 16%|█▌        | 955/6029 [2:00:58<8:47:41,  6.24s/it]  16%|█▌        | 956/6029 [2:01:06<9:25:08,  6.68s/it] 16%|█▌        | 957/6029 [2:01:12<9:09:38,  6.50s/it] 16%|█▌        | 958/6029 [2:01:20<9:51:20,  7.00s/it] 16%|█▌        | 959/6029 [2:01:28<10:11:29,  7.24s/it] 16%|█▌        | 960/6029 [2:01:36<10:30:17,  7.46s/it] 16%|█▌        | 961/6029 [2:01:46<11:36:01,  8.24s/it] 16%|█▌        | 962/6029 [2:01:52<10:36:32,  7.54s/it] 16%|█▌        | 963/6029 [2:02:01<11:24:32,  8.11s/it] 16%|█▌        | 964/6029 [2:02:08<10:45:43,  7.65s/it] 16%|█▌        | 965/6029 [2:02:13<9:33:44,  6.80s/it]  16%|█▌        | 966/6029 [2:02:15<7:30:27,  5.34s/it] 16%|█▌        | 967/6029 [2:02:23<8:49:29,  6.28s/it] 16%|█▌        | 968/6029 [2:02:35<11:00:37,  7.83s/it] 16%|█▌        | 969/6029 [2:02:40<10:01:25,  7.13s/it] 16%|█▌        | 970/6029 [2:02:48<10:14:35,  7.29s/it] 16%|█▌        | 971/6029 [2:03:01<12:53:33,  9.18s/it] 16%|█▌        | 972/6029 [2:03:11<13:12:12,  9.40s/it] 16%|█▌        | 973/6029 [2:03:20<12:45:44,  9.09s/it] 16%|█▌        | 974/6029 [2:03:28<12:38:35,  9.00s/it] 16%|█▌        | 975/6029 [2:03:34<11:06:24,  7.91s/it] 16%|█▌        | 976/6029 [2:03:42<11:12:50,  7.99s/it] 16%|█▌        | 977/6029 [2:03:50<11:07:10,  7.92s/it] 16%|█▌        | 978/6029 [2:03:54<9:29:48,  6.77s/it]  16%|█▌        | 979/6029 [2:04:04<10:59:05,  7.83s/it] 16%|█▋        | 980/6029 [2:04:14<11:49:52,  8.44s/it] 16%|█▋        | 981/6029 [2:04:20<10:58:50,  7.83s/it] 16%|█▋        | 982/6029 [2:04:27<10:35:13,  7.55s/it] 16%|█▋        | 984/6029 [2:04:39<9:30:01,  6.78s/it]  16%|█▋        | 985/6029 [2:04:47<9:52:41,  7.05s/it] 16%|█▋        | 986/6029 [2:04:57<11:01:55,  7.88s/it] 16%|█▋        | 987/6029 [2:05:01<9:30:13,  6.79s/it]  16%|█▋        | 988/6029 [2:05:04<8:08:37,  5.82s/it] 16%|█▋        | 989/6029 [2:05:10<8:15:14,  5.90s/it] 16%|█▋        | 990/6029 [2:05:14<7:08:53,  5.11s/it] 16%|█▋        | 991/6029 [2:05:17<6:36:03,  4.72s/it] 16%|█▋        | 992/6029 [2:05:25<7:46:31,  5.56s/it] 16%|█▋        | 993/6029 [2:05:29<7:14:17,  5.17s/it] 16%|█▋        | 994/6029 [2:05:39<9:07:54,  6.53s/it] 17%|█▋        | 995/6029 [2:05:48<10:07:12,  7.24s/it] 17%|█▋        | 996/6029 [2:05:53<9:15:03,  6.62s/it]  17%|█▋        | 997/6029 [2:06:00<9:30:03,  6.80s/it] 17%|█▋        | 998/6029 [2:06:08<9:48:05,  7.01s/it] 17%|█▋        | 999/6029 [2:06:12<8:50:33,  6.33s/it] 17%|█▋        | 1000/6029 [2:06:19<8:53:11,  6.36s/it] 17%|█▋        | 1001/6029 [2:06:21<7:08:32,  5.11s/it] 17%|█▋        | 1002/6029 [2:06:29<8:16:17,  5.92s/it] 17%|█▋        | 1003/6029 [2:06:33<7:36:27,  5.45s/it] 17%|█▋        | 1004/6029 [2:06:44<9:55:57,  7.12s/it] 17%|█▋        | 1005/6029 [2:06:53<10:42:16,  7.67s/it] 17%|█▋        | 1006/6029 [2:07:01<10:56:03,  7.84s/it] 17%|█▋        | 1007/6029 [2:07:06<9:24:08,  6.74s/it]  17%|█▋        | 1008/6029 [2:07:14<10:06:26,  7.25s/it] 17%|█▋        | 1009/6029 [2:07:22<10:20:01,  7.41s/it] 17%|█▋        | 1010/6029 [2:07:32<11:27:29,  8.22s/it] 17%|█▋        | 1011/6029 [2:07:38<10:26:51,  7.50s/it] 17%|█▋        | 1012/6029 [2:07:46<10:51:23,  7.79s/it] 17%|█▋        | 1013/6029 [2:07:48<8:12:19,  5.89s/it]  17%|█▋        | 1014/6029 [2:07:55<8:56:37,  6.42s/it] 17%|█▋        | 1015/6029 [2:08:05<10:14:48,  7.36s/it] 17%|█▋        | 1016/6029 [2:08:10<9:12:15,  6.61s/it]  17%|█▋        | 1017/6029 [2:08:18<9:46:00,  7.02s/it] 17%|█▋        | 1018/6029 [2:08:27<10:33:56,  7.59s/it] 17%|█▋        | 1019/6029 [2:08:36<11:23:33,  8.19s/it] 17%|█▋        | 1020/6029 [2:08:39<9:20:41,  6.72s/it]  17%|█▋        | 1021/6029 [2:08:47<9:53:21,  7.11s/it] 17%|█▋        | 1022/6029 [2:08:51<8:30:32,  6.12s/it] 17%|█▋        | 1023/6029 [2:09:02<10:21:28,  7.45s/it] 17%|█▋        | 1024/6029 [2:09:09<10:17:02,  7.40s/it] 17%|█▋        | 1025/6029 [2:09:17<10:31:26,  7.57s/it] 17%|█▋        | 1026/6029 [2:09:29<12:25:42,  8.94s/it] 17%|█▋        | 1027/6029 [2:09:33<10:04:29,  7.25s/it] 17%|█▋        | 1028/6029 [2:09:34<7:48:13,  5.62s/it]  17%|█▋        | 1030/6029 [2:09:38<5:21:56,  3.86s/it] 17%|█▋        | 1031/6029 [2:09:41<5:13:54,  3.77s/it] 17%|█▋        | 1032/6029 [2:09:43<4:21:28,  3.14s/it] 17%|█▋        | 1033/6029 [2:09:49<5:29:11,  3.95s/it] 17%|█▋        | 1034/6029 [2:09:53<5:34:56,  4.02s/it] 17%|█▋        | 1035/6029 [2:09:55<4:44:22,  3.42s/it] 17%|█▋        | 1036/6029 [2:09:59<4:52:30,  3.51s/it] 17%|█▋        | 1037/6029 [2:10:03<5:20:49,  3.86s/it] 17%|█▋        | 1038/6029 [2:10:05<4:31:38,  3.27s/it] 17%|█▋        | 1039/6029 [2:10:10<4:56:27,  3.56s/it] 17%|█▋        | 1040/6029 [2:10:12<4:15:10,  3.07s/it] 17%|█▋        | 1041/6029 [2:10:14<3:49:02,  2.76s/it] 17%|█▋        | 1042/6029 [2:10:15<3:21:49,  2.43s/it] 17%|█▋        | 1043/6029 [2:10:19<3:52:13,  2.79s/it] 17%|█▋        | 1044/6029 [2:10:25<5:24:54,  3.91s/it] 17%|█▋        | 1045/6029 [2:10:27<4:33:07,  3.29s/it] 17%|█▋        | 1046/6029 [2:10:29<3:52:49,  2.80s/it] 17%|█▋        | 1047/6029 [2:10:32<4:11:49,  3.03s/it] 17%|█▋        | 1048/6029 [2:10:37<4:55:40,  3.56s/it] 17%|█▋        | 1049/6029 [2:10:43<5:49:11,  4.21s/it] 17%|█▋        | 1050/6029 [2:10:46<5:29:03,  3.97s/it] 17%|█▋        | 1051/6029 [2:10:52<6:01:52,  4.36s/it] 17%|█▋        | 1052/6029 [2:10:53<4:45:52,  3.45s/it] 17%|█▋        | 1054/6029 [2:10:58<4:12:37,  3.05s/it] 17%|█▋        | 1055/6029 [2:10:59<3:34:08,  2.58s/it] 18%|█▊        | 1057/6029 [2:11:03<3:14:01,  2.34s/it] 18%|█▊        | 1058/6029 [2:11:05<3:01:42,  2.19s/it] 18%|█▊        | 1059/6029 [2:11:07<2:54:46,  2.11s/it] 18%|█▊        | 1060/6029 [2:11:09<2:47:42,  2.03s/it] 18%|█▊        | 1061/6029 [2:11:12<3:23:16,  2.46s/it] 18%|█▊        | 1062/6029 [2:11:17<4:15:36,  3.09s/it] 18%|█▊        | 1063/6029 [2:11:20<4:04:50,  2.96s/it] 18%|█▊        | 1064/6029 [2:11:21<3:37:49,  2.63s/it] 18%|█▊        | 1065/6029 [2:11:26<4:19:57,  3.14s/it] 18%|█▊        | 1066/6029 [2:11:30<4:50:33,  3.51s/it] 18%|█▊        | 1067/6029 [2:11:32<4:12:26,  3.05s/it] 18%|█▊        | 1068/6029 [2:11:36<4:24:01,  3.19s/it] 18%|█▊        | 1069/6029 [2:11:40<4:51:21,  3.52s/it] 18%|█▊        | 1070/6029 [2:11:42<4:02:23,  2.93s/it] 18%|█▊        | 1071/6029 [2:11:48<5:20:25,  3.88s/it] 18%|█▊        | 1072/6029 [2:11:51<5:14:41,  3.81s/it] 18%|█▊        | 1073/6029 [2:11:53<4:24:22,  3.20s/it] 18%|█▊        | 1074/6029 [2:11:57<4:37:53,  3.37s/it] 18%|█▊        | 1076/6029 [2:12:02<4:07:59,  3.00s/it] 18%|█▊        | 1077/6029 [2:12:06<4:20:22,  3.15s/it] 18%|█▊        | 1079/6029 [2:12:08<3:08:54,  2.29s/it] 18%|█▊        | 1080/6029 [2:12:13<4:02:56,  2.95s/it] 18%|█▊        | 1081/6029 [2:12:15<3:49:59,  2.79s/it] 18%|█▊        | 1082/6029 [2:12:19<4:16:39,  3.11s/it] 18%|█▊        | 1083/6029 [2:12:23<4:28:18,  3.25s/it] 18%|█▊        | 1084/6029 [2:12:25<3:51:42,  2.81s/it] 18%|█▊        | 1086/6029 [2:12:27<2:46:47,  2.02s/it] 18%|█▊        | 1087/6029 [2:12:28<2:43:42,  1.99s/it] 18%|█▊        | 1088/6029 [2:12:33<3:41:25,  2.69s/it] 18%|█▊        | 1089/6029 [2:12:35<3:24:23,  2.48s/it] 18%|█▊        | 1090/6029 [2:12:40<4:18:41,  3.14s/it] 18%|█▊        | 1091/6029 [2:12:43<4:20:45,  3.17s/it] 18%|█▊        | 1093/6029 [2:12:45<2:52:43,  2.10s/it] 18%|█▊        | 1094/6029 [2:12:46<2:44:56,  2.01s/it] 18%|█▊        | 1095/6029 [2:12:50<3:17:07,  2.40s/it] 18%|█▊        | 1096/6029 [2:12:54<3:51:29,  2.82s/it] 18%|█▊        | 1097/6029 [2:12:58<4:11:44,  3.06s/it] 18%|█▊        | 1098/6029 [2:13:04<5:26:56,  3.98s/it] 18%|█▊        | 1099/6029 [2:13:10<6:06:58,  4.47s/it] 18%|█▊        | 1100/6029 [2:13:12<5:13:48,  3.82s/it] 18%|█▊        | 1101/6029 [2:13:17<5:37:20,  4.11s/it] 18%|█▊        | 1102/6029 [2:13:18<4:36:37,  3.37s/it] 18%|█▊        | 1103/6029 [2:13:27<6:49:32,  4.99s/it] 18%|█▊        | 1104/6029 [2:13:34<7:37:06,  5.57s/it] 18%|█▊        | 1105/6029 [2:13:40<7:35:05,  5.55s/it] 18%|█▊        | 1106/6029 [2:13:50<9:45:53,  7.14s/it] 18%|█▊        | 1107/6029 [2:13:58<9:45:21,  7.14s/it] 18%|█▊        | 1108/6029 [2:14:10<11:57:00,  8.74s/it] 18%|█▊        | 1109/6029 [2:14:19<12:11:07,  8.92s/it] 18%|█▊        | 1110/6029 [2:14:23<9:55:23,  7.26s/it]  18%|█▊        | 1111/6029 [2:14:31<10:21:02,  7.58s/it] 18%|█▊        | 1112/6029 [2:14:39<10:36:04,  7.76s/it] 18%|█▊        | 1113/6029 [2:14:48<11:08:01,  8.15s/it] 18%|█▊        | 1114/6029 [2:14:52<9:21:46,  6.86s/it]  18%|█▊        | 1115/6029 [2:14:59<9:32:41,  6.99s/it] 19%|█▊        | 1116/6029 [2:15:08<10:15:24,  7.52s/it] 19%|█▊        | 1117/6029 [2:15:21<12:34:39,  9.22s/it] 19%|█▊        | 1118/6029 [2:15:31<12:31:56,  9.19s/it] 19%|█▊        | 1119/6029 [2:15:41<13:11:59,  9.68s/it] 19%|█▊        | 1120/6029 [2:15:45<10:43:09,  7.86s/it] 19%|█▊        | 1121/6029 [2:15:54<11:10:47,  8.20s/it] 19%|█▊        | 1122/6029 [2:16:04<11:46:41,  8.64s/it] 19%|█▊        | 1123/6029 [2:16:14<12:25:22,  9.12s/it] 19%|█▊        | 1124/6029 [2:16:22<11:51:58,  8.71s/it] 19%|█▊        | 1125/6029 [2:16:26<10:12:08,  7.49s/it] 19%|█▊        | 1126/6029 [2:18:45<63:55:54, 46.94s/it] 19%|█▊        | 1127/6029 [2:18:57<49:20:38, 36.24s/it] 19%|█▊        | 1128/6029 [2:19:03<37:01:00, 27.19s/it] 19%|█▊        | 1129/6029 [2:19:09<28:32:36, 20.97s/it] 19%|█▊        | 1130/6029 [2:19:15<22:12:27, 16.32s/it] 19%|█▉        | 1131/6029 [2:19:24<19:35:09, 14.40s/it] 19%|█▉        | 1132/6029 [2:19:28<14:59:58, 11.03s/it] 19%|█▉        | 1133/6029 [2:19:36<13:54:29, 10.23s/it] 19%|█▉        | 1134/6029 [2:19:44<12:57:42,  9.53s/it] 19%|█▉        | 1135/6029 [2:19:55<13:44:47, 10.11s/it] 19%|█▉        | 1136/6029 [2:20:01<12:06:14,  8.91s/it] 19%|█▉        | 1137/6029 [2:20:06<10:08:55,  7.47s/it] 19%|█▉        | 1138/6029 [2:20:16<11:20:17,  8.35s/it] 19%|█▉        | 1139/6029 [2:20:22<10:16:48,  7.57s/it] 19%|█▉        | 1140/6029 [2:20:30<10:26:48,  7.69s/it] 19%|█▉        | 1141/6029 [2:20:38<10:34:05,  7.78s/it] 19%|█▉        | 1142/6029 [2:20:46<10:55:53,  8.05s/it] 19%|█▉        | 1143/6029 [2:20:57<12:11:21,  8.98s/it] 19%|█▉        | 1144/6029 [2:21:04<11:02:36,  8.14s/it] 19%|█▉        | 1145/6029 [2:21:07<9:14:35,  6.81s/it]  19%|█▉        | 1146/6029 [2:21:11<8:06:11,  5.97s/it] 19%|█▉        | 1147/6029 [2:21:19<8:40:30,  6.40s/it] 19%|█▉        | 1148/6029 [2:21:27<9:26:09,  6.96s/it] 19%|█▉        | 1149/6029 [2:21:35<9:41:43,  7.15s/it] 19%|█▉        | 1150/6029 [2:21:36<7:15:25,  5.35s/it] 19%|█▉        | 1151/6029 [2:21:38<5:51:05,  4.32s/it] 19%|█▉        | 1152/6029 [2:21:45<6:59:21,  5.16s/it] 19%|█▉        | 1153/6029 [2:21:52<7:44:28,  5.72s/it] 19%|█▉        | 1154/6029 [2:22:01<8:57:44,  6.62s/it] 19%|█▉        | 1155/6029 [2:22:08<9:27:38,  6.99s/it] 19%|█▉        | 1156/6029 [2:22:16<9:29:59,  7.02s/it] 19%|█▉        | 1157/6029 [2:22:26<10:45:30,  7.95s/it] 19%|█▉        | 1158/6029 [2:22:34<11:07:09,  8.22s/it] 19%|█▉        | 1159/6029 [2:22:38<9:14:17,  6.83s/it]  19%|█▉        | 1160/6029 [2:22:40<7:20:26,  5.43s/it] 19%|█▉        | 1161/6029 [2:22:49<8:33:09,  6.32s/it] 19%|█▉        | 1162/6029 [2:22:54<8:02:49,  5.95s/it] 19%|█▉        | 1163/6029 [2:23:00<7:59:00,  5.91s/it] 19%|█▉        | 1164/6029 [2:23:09<9:19:56,  6.91s/it] 19%|█▉        | 1165/6029 [2:23:15<9:07:20,  6.75s/it] 19%|█▉        | 1166/6029 [2:23:27<11:07:35,  8.24s/it] 19%|█▉        | 1168/6029 [2:23:32<7:37:20,  5.65s/it]  19%|█▉        | 1169/6029 [2:23:38<7:41:05,  5.69s/it] 19%|█▉        | 1170/6029 [2:23:45<8:17:23,  6.14s/it] 19%|█▉        | 1171/6029 [2:23:54<9:14:50,  6.85s/it] 19%|█▉        | 1172/6029 [2:24:05<10:35:36,  7.85s/it] 19%|█▉        | 1173/6029 [2:24:11<10:11:15,  7.55s/it] 19%|█▉        | 1174/6029 [2:24:19<10:11:01,  7.55s/it] 19%|█▉        | 1175/6029 [2:24:27<10:23:03,  7.70s/it] 20%|█▉        | 1176/6029 [2:24:32<9:08:50,  6.79s/it]  20%|█▉        | 1177/6029 [2:24:42<10:42:26,  7.94s/it] 20%|█▉        | 1179/6029 [2:24:50<8:20:33,  6.19s/it]  20%|█▉        | 1180/6029 [2:25:00<9:30:12,  7.06s/it] 20%|█▉        | 1181/6029 [2:25:09<10:11:54,  7.57s/it] 20%|█▉        | 1182/6029 [2:25:15<9:36:04,  7.13s/it]  20%|█▉        | 1183/6029 [2:25:17<7:34:31,  5.63s/it] 20%|█▉        | 1185/6029 [2:25:26<7:00:23,  5.21s/it] 20%|█▉        | 1186/6029 [2:25:31<6:59:04,  5.19s/it] 20%|█▉        | 1187/6029 [2:25:38<7:28:12,  5.55s/it] 20%|█▉        | 1188/6029 [2:25:46<8:22:38,  6.23s/it] 20%|█▉        | 1189/6029 [2:25:56<9:36:42,  7.15s/it] 20%|█▉        | 1190/6029 [2:26:01<8:46:47,  6.53s/it] 20%|█▉        | 1191/6029 [2:26:03<6:59:58,  5.21s/it] 20%|█▉        | 1192/6029 [2:26:12<8:48:21,  6.55s/it] 20%|█▉        | 1193/6029 [2:26:16<7:44:12,  5.76s/it] 20%|█▉        | 1194/6029 [2:26:18<6:03:56,  4.52s/it] 20%|█▉        | 1195/6029 [2:26:28<8:13:54,  6.13s/it] 20%|█▉        | 1196/6029 [2:26:35<8:39:15,  6.45s/it] 20%|█▉        | 1197/6029 [2:26:43<9:23:37,  7.00s/it] 20%|█▉        | 1198/6029 [2:26:45<7:25:33,  5.53s/it] 20%|█▉        | 1199/6029 [2:26:54<8:39:24,  6.45s/it] 20%|█▉        | 1200/6029 [2:26:56<6:46:15,  5.05s/it] 20%|█▉        | 1201/6029 [2:27:03<7:45:45,  5.79s/it] 20%|█▉        | 1202/6029 [2:27:17<10:56:53,  8.17s/it] 20%|█▉        | 1203/6029 [2:27:26<11:09:43,  8.33s/it] 20%|█▉        | 1204/6029 [2:27:33<10:41:51,  7.98s/it] 20%|█▉        | 1205/6029 [2:27:46<12:45:08,  9.52s/it] 20%|██        | 1206/6029 [2:27:53<11:53:49,  8.88s/it] 20%|██        | 1207/6029 [2:28:02<11:48:20,  8.81s/it] 20%|██        | 1208/6029 [2:28:12<12:19:43,  9.21s/it] 20%|██        | 1209/6029 [2:28:21<12:24:52,  9.27s/it] 20%|██        | 1210/6029 [2:28:31<12:20:26,  9.22s/it] 20%|██        | 1211/6029 [2:28:35<10:29:21,  7.84s/it] 20%|██        | 1212/6029 [2:28:37<7:57:09,  5.94s/it]  20%|██        | 1213/6029 [2:28:58<14:09:39, 10.59s/it] 20%|██        | 1214/6029 [2:29:00<10:41:40,  8.00s/it] 20%|██        | 1215/6029 [2:29:06<9:46:12,  7.31s/it]  20%|██        | 1216/6029 [2:29:15<10:33:16,  7.89s/it] 20%|██        | 1217/6029 [2:29:22<9:58:14,  7.46s/it]  20%|██        | 1218/6029 [2:29:33<11:29:51,  8.60s/it] 20%|██        | 1219/6029 [2:29:40<10:48:43,  8.09s/it] 20%|██        | 1220/6029 [2:29:41<8:14:49,  6.17s/it]  20%|██        | 1221/6029 [2:29:48<8:15:11,  6.18s/it] 20%|██        | 1222/6029 [2:29:57<9:43:18,  7.28s/it] 20%|██        | 1223/6029 [2:30:07<10:49:42,  8.11s/it] 20%|██        | 1224/6029 [2:30:14<10:06:20,  7.57s/it] 20%|██        | 1225/6029 [2:30:23<10:43:09,  8.03s/it] 20%|██        | 1226/6029 [2:30:33<11:23:54,  8.54s/it] 20%|██        | 1227/6029 [2:30:40<10:47:14,  8.09s/it] 20%|██        | 1228/6029 [2:30:50<11:43:05,  8.79s/it] 20%|██        | 1229/6029 [2:30:57<11:04:57,  8.31s/it] 20%|██        | 1230/6029 [2:31:07<11:36:18,  8.71s/it] 20%|██        | 1231/6029 [2:31:12<10:12:01,  7.65s/it] 20%|██        | 1232/6029 [2:31:20<10:23:34,  7.80s/it] 20%|██        | 1233/6029 [2:31:22<7:57:48,  5.98s/it]  20%|██        | 1234/6029 [2:31:33<9:55:50,  7.46s/it] 20%|██        | 1235/6029 [2:31:51<14:21:06, 10.78s/it] 21%|██        | 1236/6029 [2:32:03<14:34:16, 10.94s/it] 21%|██        | 1237/6029 [2:32:12<14:02:46, 10.55s/it] 21%|██        | 1238/6029 [2:32:18<12:02:52,  9.05s/it] 21%|██        | 1239/6029 [2:32:25<11:19:37,  8.51s/it] 21%|██        | 1240/6029 [2:32:35<11:53:37,  8.94s/it] 21%|██        | 1241/6029 [2:32:40<10:12:37,  7.68s/it] 21%|██        | 1242/6029 [2:32:49<10:50:05,  8.15s/it] 21%|██        | 1243/6029 [2:33:00<11:48:36,  8.88s/it] 21%|██        | 1244/6029 [2:33:03<9:40:45,  7.28s/it]  21%|██        | 1245/6029 [2:33:15<11:36:13,  8.73s/it] 21%|██        | 1246/6029 [2:33:26<12:26:07,  9.36s/it] 21%|██        | 1247/6029 [2:33:35<12:24:57,  9.35s/it] 21%|██        | 1248/6029 [2:33:41<10:55:25,  8.23s/it] 21%|██        | 1249/6029 [2:33:48<10:24:20,  7.84s/it] 21%|██        | 1250/6029 [2:33:56<10:19:47,  7.78s/it] 21%|██        | 1252/6029 [2:34:05<8:22:19,  6.31s/it]  21%|██        | 1253/6029 [2:34:14<9:15:54,  6.98s/it] 21%|██        | 1254/6029 [2:34:24<10:10:24,  7.67s/it] 21%|██        | 1255/6029 [2:34:31<10:13:58,  7.72s/it] 21%|██        | 1256/6029 [2:34:41<11:05:03,  8.36s/it] 21%|██        | 1257/6029 [2:34:47<9:56:08,  7.50s/it]  21%|██        | 1258/6029 [2:34:55<10:15:18,  7.74s/it] 21%|██        | 1259/6029 [2:35:06<11:22:11,  8.58s/it] 21%|██        | 1260/6029 [2:35:13<10:57:47,  8.28s/it] 21%|██        | 1261/6029 [2:35:23<11:31:17,  8.70s/it] 21%|██        | 1262/6029 [2:35:32<11:43:23,  8.85s/it] 21%|██        | 1263/6029 [2:35:41<11:53:55,  8.99s/it] 21%|██        | 1264/6029 [2:35:49<11:28:06,  8.66s/it] 21%|██        | 1265/6029 [2:36:02<13:06:19,  9.90s/it] 21%|██        | 1266/6029 [2:36:07<11:03:50,  8.36s/it] 21%|██        | 1267/6029 [2:36:14<10:38:26,  8.04s/it] 21%|██        | 1268/6029 [2:36:21<10:21:00,  7.83s/it] 21%|██        | 1269/6029 [2:36:31<10:50:46,  8.20s/it] 21%|██        | 1270/6029 [2:36:37<9:59:05,  7.55s/it]  21%|██        | 1271/6029 [2:36:45<10:19:40,  7.81s/it] 21%|██        | 1272/6029 [2:36:48<8:16:26,  6.26s/it]  21%|██        | 1273/6029 [2:36:51<7:02:37,  5.33s/it] 21%|██        | 1274/6029 [2:36:57<7:33:18,  5.72s/it] 21%|██        | 1275/6029 [2:37:06<8:45:29,  6.63s/it] 21%|██        | 1276/6029 [2:37:10<7:32:21,  5.71s/it] 21%|██        | 1277/6029 [2:37:17<8:14:24,  6.24s/it] 21%|██        | 1278/6029 [2:37:24<8:26:38,  6.40s/it] 21%|██        | 1279/6029 [2:37:32<9:06:05,  6.90s/it] 21%|██        | 1280/6029 [2:37:42<10:09:08,  7.70s/it] 21%|██        | 1281/6029 [2:37:52<11:22:33,  8.63s/it] 21%|██▏       | 1282/6029 [2:38:00<10:54:50,  8.28s/it] 21%|██▏       | 1283/6029 [2:38:07<10:29:28,  7.96s/it] 21%|██▏       | 1284/6029 [2:38:15<10:22:13,  7.87s/it] 21%|██▏       | 1285/6029 [2:38:23<10:39:21,  8.09s/it] 21%|██▏       | 1286/6029 [2:38:31<10:26:06,  7.92s/it] 21%|██▏       | 1287/6029 [2:38:37<9:44:50,  7.40s/it]  21%|██▏       | 1288/6029 [2:38:46<10:24:55,  7.91s/it] 21%|██▏       | 1289/6029 [2:38:50<8:39:21,  6.57s/it]  21%|██▏       | 1290/6029 [2:38:58<9:17:45,  7.06s/it] 21%|██▏       | 1291/6029 [2:39:03<8:39:29,  6.58s/it] 21%|██▏       | 1292/6029 [2:39:12<9:33:18,  7.26s/it] 21%|██▏       | 1293/6029 [2:39:19<9:32:38,  7.25s/it] 21%|██▏       | 1294/6029 [2:39:28<9:59:11,  7.59s/it] 21%|██▏       | 1295/6029 [2:39:38<10:51:16,  8.25s/it] 21%|██▏       | 1296/6029 [2:39:44<10:06:10,  7.68s/it] 22%|██▏       | 1297/6029 [2:39:54<10:57:34,  8.34s/it] 22%|██▏       | 1298/6029 [2:40:03<11:16:03,  8.57s/it] 22%|██▏       | 1299/6029 [2:40:14<12:26:56,  9.47s/it] 22%|██▏       | 1300/6029 [2:40:22<11:37:29,  8.85s/it] 22%|██▏       | 1301/6029 [2:40:30<11:18:05,  8.61s/it] 22%|██▏       | 1302/6029 [2:40:34<9:20:55,  7.12s/it]  22%|██▏       | 1303/6029 [2:40:40<8:55:36,  6.80s/it] 22%|██▏       | 1304/6029 [2:40:49<9:56:27,  7.57s/it] 22%|██▏       | 1305/6029 [2:40:55<9:18:45,  7.10s/it] 22%|██▏       | 1306/6029 [2:41:02<9:19:57,  7.11s/it] 22%|██▏       | 1307/6029 [2:41:08<8:51:41,  6.76s/it] 22%|██▏       | 1308/6029 [2:41:18<9:59:30,  7.62s/it] 22%|██▏       | 1309/6029 [2:41:24<9:20:54,  7.13s/it] 22%|██▏       | 1310/6029 [2:41:30<9:03:19,  6.91s/it] 22%|██▏       | 1311/6029 [2:41:41<10:30:01,  8.01s/it] 22%|██▏       | 1312/6029 [2:41:51<11:13:52,  8.57s/it] 22%|██▏       | 1313/6029 [2:42:00<11:38:59,  8.89s/it] 22%|██▏       | 1314/6029 [2:42:10<12:06:15,  9.24s/it] 22%|██▏       | 1315/6029 [2:42:18<11:37:36,  8.88s/it] 22%|██▏       | 1316/6029 [2:42:27<11:43:06,  8.95s/it] 22%|██▏       | 1317/6029 [2:42:33<10:25:15,  7.96s/it] 22%|██▏       | 1318/6029 [2:42:42<10:39:32,  8.15s/it] 22%|██▏       | 1319/6029 [2:42:49<10:23:07,  7.94s/it] 22%|██▏       | 1320/6029 [2:42:57<10:28:19,  8.01s/it] 22%|██▏       | 1321/6029 [2:43:04<9:57:36,  7.62s/it]  22%|██▏       | 1322/6029 [2:43:13<10:25:52,  7.98s/it] 22%|██▏       | 1323/6029 [2:43:24<11:32:08,  8.82s/it] 22%|██▏       | 1324/6029 [2:43:29<10:01:40,  7.67s/it] 22%|██▏       | 1325/6029 [2:43:37<10:30:18,  8.04s/it] 22%|██▏       | 1326/6029 [2:43:39<7:59:40,  6.12s/it]  22%|██▏       | 1327/6029 [2:43:47<8:44:02,  6.69s/it] 22%|██▏       | 1328/6029 [2:43:58<10:13:28,  7.83s/it] 22%|██▏       | 1329/6029 [2:44:04<9:28:09,  7.25s/it]  22%|██▏       | 1330/6029 [2:44:13<10:17:23,  7.88s/it] 22%|██▏       | 1331/6029 [2:44:22<10:55:05,  8.37s/it] 22%|██▏       | 1332/6029 [2:44:31<10:54:17,  8.36s/it] 22%|██▏       | 1333/6029 [2:44:41<11:32:41,  8.85s/it] 22%|██▏       | 1334/6029 [2:44:49<11:11:27,  8.58s/it] 22%|██▏       | 1335/6029 [2:44:58<11:25:17,  8.76s/it] 22%|██▏       | 1336/6029 [2:45:05<10:58:57,  8.42s/it] 22%|██▏       | 1337/6029 [2:45:15<11:13:29,  8.61s/it] 22%|██▏       | 1338/6029 [2:45:26<12:18:41,  9.45s/it] 22%|██▏       | 1339/6029 [2:45:28<9:15:11,  7.10s/it]  22%|██▏       | 1340/6029 [2:45:40<11:20:00,  8.70s/it] 22%|██▏       | 1341/6029 [2:45:52<12:27:24,  9.57s/it] 22%|██▏       | 1342/6029 [2:46:02<12:52:46,  9.89s/it] 22%|██▏       | 1343/6029 [2:46:10<12:08:09,  9.32s/it] 22%|██▏       | 1344/6029 [2:46:17<11:19:04,  8.70s/it] 22%|██▏       | 1345/6029 [2:46:29<12:32:23,  9.64s/it] 22%|██▏       | 1346/6029 [2:46:38<11:59:43,  9.22s/it] 22%|██▏       | 1347/6029 [2:46:43<10:28:10,  8.05s/it] 22%|██▏       | 1348/6029 [2:46:47<9:02:16,  6.95s/it]  22%|██▏       | 1349/6029 [2:46:55<9:22:34,  7.21s/it] 22%|██▏       | 1350/6029 [2:47:04<10:11:17,  7.84s/it] 22%|██▏       | 1351/6029 [2:47:13<10:36:19,  8.16s/it] 22%|██▏       | 1352/6029 [2:47:18<9:08:09,  7.03s/it]  22%|██▏       | 1353/6029 [2:47:25<9:23:09,  7.23s/it] 22%|██▏       | 1354/6029 [2:47:38<11:39:30,  8.98s/it] 22%|██▏       | 1355/6029 [2:47:40<8:46:11,  6.75s/it]  22%|██▏       | 1356/6029 [2:47:47<9:02:18,  6.96s/it] 23%|██▎       | 1357/6029 [2:47:57<10:11:09,  7.85s/it] 23%|██▎       | 1358/6029 [2:48:06<10:22:04,  7.99s/it] 23%|██▎       | 1359/6029 [2:48:14<10:37:51,  8.20s/it] 23%|██▎       | 1360/6029 [2:48:22<10:13:45,  7.89s/it] 23%|██▎       | 1361/6029 [2:48:29<10:07:48,  7.81s/it] 23%|██▎       | 1362/6029 [2:48:37<10:15:03,  7.91s/it] 23%|██▎       | 1363/6029 [2:48:44<9:38:28,  7.44s/it]  23%|██▎       | 1364/6029 [2:48:50<9:24:52,  7.27s/it] 23%|██▎       | 1365/6029 [2:49:00<10:12:46,  7.88s/it] 23%|██▎       | 1366/6029 [2:49:03<8:31:27,  6.58s/it]  23%|██▎       | 1367/6029 [2:49:13<9:50:26,  7.60s/it] 23%|██▎       | 1368/6029 [2:49:24<10:55:43,  8.44s/it] 23%|██▎       | 1369/6029 [2:49:29<9:31:55,  7.36s/it]  23%|██▎       | 1370/6029 [2:49:39<10:43:02,  8.28s/it] 23%|██▎       | 1371/6029 [2:49:45<9:44:59,  7.54s/it]  23%|██▎       | 1372/6029 [2:49:49<8:31:28,  6.59s/it] 23%|██▎       | 1373/6029 [2:49:53<7:32:30,  5.83s/it] 23%|██▎       | 1374/6029 [2:50:04<9:20:38,  7.23s/it] 23%|██▎       | 1375/6029 [2:50:14<10:31:02,  8.14s/it] 23%|██▎       | 1376/6029 [2:50:23<10:53:17,  8.42s/it] 23%|██▎       | 1377/6029 [2:50:31<10:42:50,  8.29s/it] 23%|██▎       | 1378/6029 [2:50:35<8:54:15,  6.89s/it]  23%|██▎       | 1379/6029 [2:50:42<9:09:27,  7.09s/it] 23%|██▎       | 1380/6029 [2:50:51<9:53:10,  7.66s/it] 23%|██▎       | 1381/6029 [2:50:55<8:33:40,  6.63s/it] 23%|██▎       | 1382/6029 [2:51:08<10:50:02,  8.39s/it] 23%|██▎       | 1383/6029 [2:51:17<10:56:13,  8.47s/it] 23%|██▎       | 1384/6029 [2:51:22<9:51:56,  7.65s/it]  23%|██▎       | 1385/6029 [2:51:32<10:27:24,  8.11s/it] 23%|██▎       | 1386/6029 [2:51:40<10:42:40,  8.31s/it] 23%|██▎       | 1387/6029 [2:51:45<9:24:47,  7.30s/it]  23%|██▎       | 1388/6029 [2:51:52<9:23:03,  7.28s/it] 23%|██▎       | 1389/6029 [2:51:54<7:10:26,  5.57s/it] 23%|██▎       | 1390/6029 [2:52:06<9:30:50,  7.38s/it] 23%|██▎       | 1391/6029 [2:52:14<9:50:21,  7.64s/it] 23%|██▎       | 1392/6029 [2:52:26<11:23:41,  8.85s/it] 23%|██▎       | 1393/6029 [2:52:32<10:27:30,  8.12s/it] 23%|██▎       | 1394/6029 [2:52:36<8:54:53,  6.92s/it]  23%|██▎       | 1395/6029 [2:52:42<8:20:31,  6.48s/it] 23%|██▎       | 1396/6029 [2:52:52<9:45:32,  7.58s/it] 23%|██▎       | 1397/6029 [2:52:53<7:23:59,  5.75s/it] 23%|██▎       | 1397/6029 [2:57:18<9:47:52,  7.62s/it]
Traceback (most recent call last):
  File "/anaconda/envs/py38_default/lib/python3.8/site-packages/urllib3/connectionpool.py", line 703, in urlopen
    httplib_response = self._make_request(
  File "/anaconda/envs/py38_default/lib/python3.8/site-packages/urllib3/connectionpool.py", line 449, in _make_request
    six.raise_from(e, None)
  File "<string>", line 3, in raise_from
  File "/anaconda/envs/py38_default/lib/python3.8/site-packages/urllib3/connectionpool.py", line 444, in _make_request
    httplib_response = conn.getresponse()
  File "/anaconda/envs/py38_default/lib/python3.8/http/client.py", line 1348, in getresponse
    response.begin()
  File "/anaconda/envs/py38_default/lib/python3.8/http/client.py", line 316, in begin
    version, status, reason = self._read_status()
  File "/anaconda/envs/py38_default/lib/python3.8/http/client.py", line 277, in _read_status
    line = str(self.fp.readline(_MAXLINE + 1), "iso-8859-1")
  File "/anaconda/envs/py38_default/lib/python3.8/socket.py", line 669, in readinto
    return self._sock.recv_into(b)
  File "/anaconda/envs/py38_default/lib/python3.8/ssl.py", line 1241, in recv_into
    return self.read(nbytes, buffer)
  File "/anaconda/envs/py38_default/lib/python3.8/ssl.py", line 1099, in read
    return self._sslobj.read(len, buffer)
ConnectionResetError: [Errno 104] Connection reset by peer

During handling of the above exception, another exception occurred:

Traceback (most recent call last):
  File "/anaconda/envs/py38_default/lib/python3.8/site-packages/requests/adapters.py", line 489, in send
    resp = conn.urlopen(
  File "/anaconda/envs/py38_default/lib/python3.8/site-packages/urllib3/connectionpool.py", line 787, in urlopen
    retries = retries.increment(
  File "/anaconda/envs/py38_default/lib/python3.8/site-packages/urllib3/util/retry.py", line 550, in increment
    raise six.reraise(type(error), error, _stacktrace)
  File "/anaconda/envs/py38_default/lib/python3.8/site-packages/urllib3/packages/six.py", line 769, in reraise
    raise value.with_traceback(tb)
  File "/anaconda/envs/py38_default/lib/python3.8/site-packages/urllib3/connectionpool.py", line 703, in urlopen
    httplib_response = self._make_request(
  File "/anaconda/envs/py38_default/lib/python3.8/site-packages/urllib3/connectionpool.py", line 449, in _make_request
    six.raise_from(e, None)
  File "<string>", line 3, in raise_from
  File "/anaconda/envs/py38_default/lib/python3.8/site-packages/urllib3/connectionpool.py", line 444, in _make_request
    httplib_response = conn.getresponse()
  File "/anaconda/envs/py38_default/lib/python3.8/http/client.py", line 1348, in getresponse
    response.begin()
  File "/anaconda/envs/py38_default/lib/python3.8/http/client.py", line 316, in begin
    version, status, reason = self._read_status()
  File "/anaconda/envs/py38_default/lib/python3.8/http/client.py", line 277, in _read_status
    line = str(self.fp.readline(_MAXLINE + 1), "iso-8859-1")
  File "/anaconda/envs/py38_default/lib/python3.8/socket.py", line 669, in readinto
    return self._sock.recv_into(b)
  File "/anaconda/envs/py38_default/lib/python3.8/ssl.py", line 1241, in recv_into
    return self.read(nbytes, buffer)
  File "/anaconda/envs/py38_default/lib/python3.8/ssl.py", line 1099, in read
    return self._sslobj.read(len, buffer)
urllib3.exceptions.ProtocolError: ('Connection aborted.', ConnectionResetError(104, 'Connection reset by peer'))

During handling of the above exception, another exception occurred:

Traceback (most recent call last):
  File "/anaconda/envs/py38_default/lib/python3.8/site-packages/openai/api_requestor.py", line 516, in request_raw
    result = _thread_context.session.request(
  File "/anaconda/envs/py38_default/lib/python3.8/site-packages/requests/sessions.py", line 587, in request
    resp = self.send(prep, **send_kwargs)
  File "/anaconda/envs/py38_default/lib/python3.8/site-packages/requests/sessions.py", line 701, in send
    r = adapter.send(request, **kwargs)
  File "/anaconda/envs/py38_default/lib/python3.8/site-packages/requests/adapters.py", line 547, in send
    raise ConnectionError(err, request=request)
requests.exceptions.ConnectionError: ('Connection aborted.', ConnectionResetError(104, 'Connection reset by peer'))

The above exception was the direct cause of the following exception:

Traceback (most recent call last):
  File "workflow.py", line 161, in <module>
    query = get_query(cur_uter_idx, subset, cosmo_utterance, entity)
  File "workflow.py", line 112, in get_query
    query = get_oai_completion(prompt, 0.7, 50).strip()
  File "/anaconda/envs/py38_default/lib/python3.8/site-packages/backoff/_sync.py", line 105, in retry
    ret = target(*args, **kwargs)
  File "workflow.py", line 37, in get_oai_completion
    response = openai.ChatCompletion.create(
  File "/anaconda/envs/py38_default/lib/python3.8/site-packages/openai/api_resources/chat_completion.py", line 25, in create
    return super().create(*args, **kwargs)
  File "/anaconda/envs/py38_default/lib/python3.8/site-packages/openai/api_resources/abstract/engine_api_resource.py", line 153, in create
    response, _, api_key = requestor.request(
  File "/anaconda/envs/py38_default/lib/python3.8/site-packages/openai/api_requestor.py", line 216, in request
    result = self.request_raw(
  File "/anaconda/envs/py38_default/lib/python3.8/site-packages/openai/api_requestor.py", line 528, in request_raw
    raise error.APIConnectionError(
openai.error.APIConnectionError: Error communicating with OpenAI: ('Connection aborted.', ConnectionResetError(104, 'Connection reset by peer'))
